Added Component: Designator=C1(CN1)
Add component (AddParameter): Name = "Value"; Value = "100pF"; VariantName = "[No Variations]"
Added Component: Designator=C2(CN1)
Add component (AddParameter): Name = "Value"; Value = "100pF"; VariantName = "[No Variations]"
Added Component: Designator=C3(CN1)
Add component (AddParameter): Name = "Value"; Value = "100pF"; VariantName = "[No Variations]"
Added Component: Designator=C4(CN1)
Add component (AddParameter): Name = "Value"; Value = "100pF"; VariantName = "[No Variations]"
Added Component: Designator=C5(CN1)
Add component (AddParameter): Name = "Value"; Value = "100pF"; VariantName = "[No Variations]"
Added Component: Designator=C6(CN1)
Add component (AddParameter): Name = "Value"; Value = "100pF"; VariantName = "[No Variations]"
Added Component: Designator=C7(CN1)
Add component (AddParameter): Name = "Value"; Value = "100pF"; VariantName = "[No Variations]"
Added Component: Designator=C8(CP1.5/3.4)
Add component (AddParameter): Name = "Description 1"; Value = "2200uF-3300uF/6,3V - 1000uF-2200uF/10V"; VariantName = "[No Variations]"
Add component (AddParameter): Name = "Description 2"; Value = "1000uF/16V - 470uF => 1000uF/25V - 100uF/100V"; VariantName = "[No Variations]"
Add component (AddParameter): Name = "Description 3"; Value = "330uF>470uF/35V_220uF>470uF/50V_10uF>22uF/250V"; VariantName = "[No Variations]"
Add component (AddParameter): Name = "Description 4"; Value = "220uF => 330uF/63V - 10uF =>33uF/160 - 200V"; VariantName = "[No Variations]"
Add component (AddParameter): Name = "Description 5"; Value = "4,7uF>10uF/250V_3,3uF>10uF/400V - 2,2uF>4,7uF/450V"; VariantName = "[No Variations]"
Add component (AddParameter): Name = "Value"; Value = "1000uF/16V"; VariantName = "[No Variations]"
Added Component: Designator=C9(CP1.5/3.4)
Add component (AddParameter): Name = "Description 1"; Value = "2200uF-3300uF/6,3V - 1000uF-2200uF/10V"; VariantName = "[No Variations]"
Add component (AddParameter): Name = "Description 2"; Value = "1000uF/16V - 470uF => 1000uF/25V - 100uF/100V"; VariantName = "[No Variations]"
Add component (AddParameter): Name = "Description 3"; Value = "330uF>470uF/35V_220uF>470uF/50V_10uF>22uF/250V"; VariantName = "[No Variations]"
Add component (AddParameter): Name = "Description 4"; Value = "220uF => 330uF/63V - 10uF =>33uF/160 - 200V"; VariantName = "[No Variations]"
Add component (AddParameter): Name = "Description 5"; Value = "4,7uF>10uF/250V_3,3uF>10uF/400V - 2,2uF>4,7uF/450V"; VariantName = "[No Variations]"
Add component (AddParameter): Name = "Value"; Value = "1000uF/16V"; VariantName = "[No Variations]"
Added Component: Designator=IC1(DIP40/W0.6)
Add component (AddParameter): Name = "Value"; Value = "Atmega 16L"; VariantName = "[No Variations]"
Added Component: Designator=J1(COM9 FEMALE)
Add component (AddParameter): Name = "DatasheetDocument"; Value = "1-Sep-1999"; VariantName = "[No Variations]"
Add component (AddParameter): Name = "Gender"; Value = "Receptacle"; VariantName = "[No Variations]"
Add component (AddParameter): Name = "LatestRevisionDate"; Value = "17-Jul-2002"; VariantName = "[No Variations]"
Add component (AddParameter): Name = "LatestRevisionNote"; Value = "Re-released for DXP Platform."; VariantName = "[No Variations]"
Add component (AddParameter): Name = "Orientation"; Value = "Right Angle"; VariantName = "[No Variations]"
Add component (AddParameter): Name = "PackageDocument"; Value = "O"; VariantName = "[No Variations]"
Add component (AddParameter): Name = "PackageReference"; Value = "788750"; VariantName = "[No Variations]"
Add component (AddParameter): Name = "Positions"; Value = "9"; VariantName = "[No Variations]"
Add component (AddParameter): Name = "Published"; Value = "15-Jun-2001"; VariantName = "[No Variations]"
Add component (AddParameter): Name = "Publisher"; Value = "Altium Limited"; VariantName = "[No Variations]"
Added Component: Designator=JP1(HEDH)
Add component (AddParameter): Name = "Class"; Value = "Connector"; VariantName = "[No Variations]"
Add component (AddParameter): Name = "Manufacturer"; Value = "Generic Components"; VariantName = "[No Variations]"
Add component (AddParameter): Name = "Value"; Value = "Header 2"; VariantName = "[No Variations]"
Added Component: Designator=LCD1(LCD16X2)
Add component (AddParameter): Name = "Value"; Value = "LCD16x2A"; VariantName = "[No Variations]"
Added Component: Designator=LED1(LED-3)
Add component (AddParameter): Name = "Value"; Value = "LED 3 ly Single Colour"; VariantName = "[No Variations]"
Added Component: Designator=LED2(LED-3)
Add component (AddParameter): Name = "Value"; Value = "LED 3 ly Single Colour"; VariantName = "[No Variations]"
Added Component: Designator=LED3(LED-3)
Add component (AddParameter): Name = "Value"; Value = "LED 3 ly Single Colour"; VariantName = "[No Variations]"
Added Component: Designator=LED4(LED-3)
Add component (AddParameter): Name = "Value"; Value = "LED 3 ly Single Colour"; VariantName = "[No Variations]"
Added Component: Designator=LED5(LED-3)
Add component (AddParameter): Name = "Value"; Value = "LED 3 ly Single Colour"; VariantName = "[No Variations]"
Added Component: Designator=LED6(LED-3)
Add component (AddParameter): Name = "Value"; Value = "LED 3 ly Single Colour"; VariantName = "[No Variations]"
Added Component: Designator=LED7(LED-3)
Add component (AddParameter): Name = "Value"; Value = "LED 3 ly Single Colour"; VariantName = "[No Variations]"
Added Component: Designator=LED8(LED-3)
Add component (AddParameter): Name = "Value"; Value = "LED 3 ly Single Colour"; VariantName = "[No Variations]"
Added Component: Designator=P1(HDR1X8)
Add component (AddParameter): Name = "LatestRevisionDate"; Value = "17-Jul-2002"; VariantName = "[No Variations]"
Add component (AddParameter): Name = "LatestRevisionNote"; Value = "Re-released for DXP Platform."; VariantName = "[No Variations]"
Add component (AddParameter): Name = "Publisher"; Value = "Altium Limited"; VariantName = "[No Variations]"
Added Component: Designator=R1(R1/4W)
Add component (AddParameter): Name = "Value"; Value = "R1/4W - 1K"; VariantName = "[No Variations]"
Added Component: Designator=R2(R1/4W)
Add component (AddParameter): Name = "Value"; Value = "R1/4W - 1K"; VariantName = "[No Variations]"
Added Component: Designator=R3(R1/4W)
Add component (AddParameter): Name = "Value"; Value = "R1/4W - 1K"; VariantName = "[No Variations]"
Added Component: Designator=R4(R1/4W)
Add component (AddParameter): Name = "Value"; Value = "R1/4W - 1K"; VariantName = "[No Variations]"
Added Component: Designator=R5(R1/4W)
Add component (AddParameter): Name = "Value"; Value = "R1/4W - 1K"; VariantName = "[No Variations]"
Added Component: Designator=R6(R1/4W)
Add component (AddParameter): Name = "Value"; Value = "R1/4W - 1K"; VariantName = "[No Variations]"
Added Component: Designator=R7(R1/4W)
Add component (AddParameter): Name = "Value"; Value = "R1/4W - 1K"; VariantName = "[No Variations]"
Added Component: Designator=R8(R1/4W)
Add component (AddParameter): Name = "Value"; Value = "R1/4W - 1K"; VariantName = "[No Variations]"
Added Component: Designator=R9(R1/4W)
Add component (AddParameter): Name = "Value"; Value = "R1/4W - 1K"; VariantName = "[No Variations]"
Added Component: Designator=RESET(SW4)
Add component (AddParameter): Name = "Value"; Value = "SW chip 4 pin"; VariantName = "[No Variations]"
Added Component: Designator=SW2(SW4)
Add component (AddParameter): Name = "Value"; Value = "SW chip 4 pin"; VariantName = "[No Variations]"
Added Component: Designator=SW3(SW4)
Add component (AddParameter): Name = "Value"; Value = "SW chip 4 pin"; VariantName = "[No Variations]"
Added Component: Designator=SW4(SW4)
Add component (AddParameter): Name = "Value"; Value = "SW chip 4 pin"; VariantName = "[No Variations]"
Added Component: Designator=SW5(SW4)
Add component (AddParameter): Name = "Value"; Value = "SW chip 4 pin"; VariantName = "[No Variations]"
Added Component: Designator=SW6(SW4)
Add component (AddParameter): Name = "Value"; Value = "SW chip 4 pin"; VariantName = "[No Variations]"
Added Component: Designator=SW7(SW4)
Add component (AddParameter): Name = "Value"; Value = "SW chip 4 pin"; VariantName = "[No Variations]"
Added Component: Designator=SW8(SW4)
Add component (AddParameter): Name = "Value"; Value = "SW chip 4 pin"; VariantName = "[No Variations]"
Added Component: Designator=SW9(SW4)
Add component (AddParameter): Name = "Value"; Value = "SW chip 4 pin"; VariantName = "[No Variations]"
Added Component: Designator=SW10(SW4)
Add component (AddParameter): Name = "Value"; Value = "SW chip 4 pin"; VariantName = "[No Variations]"
Added Component: Designator=SW11(SW4)
Add component (AddParameter): Name = "Value"; Value = "SW chip 4 pin"; VariantName = "[No Variations]"
Added Component: Designator=SW12(SW4)
Add component (AddParameter): Name = "Value"; Value = "SW chip 4 pin"; VariantName = "[No Variations]"
Added Component: Designator=SW13(SW4)
Add component (AddParameter): Name = "Value"; Value = "SW chip 4 pin"; VariantName = "[No Variations]"
Added Component: Designator=SW14(SW4)
Add component (AddParameter): Name = "Value"; Value = "SW chip 4 pin"; VariantName = "[No Variations]"
Added Component: Designator=SW15(SW4)
Add component (AddParameter): Name = "Value"; Value = "SW chip 4 pin"; VariantName = "[No Variations]"
Added Component: Designator=SW16(SW4)
Add component (AddParameter): Name = "Value"; Value = "SW chip 4 pin"; VariantName = "[No Variations]"
Added Component: Designator=SW17(SW4)
Add component (AddParameter): Name = "Value"; Value = "SW chip 4 pin"; VariantName = "[No Variations]"
Added Component: Designator=U1(DIP16)
Add component (AddParameter): Name = "Category"; Value = "Integrated Circuits (ICs)"; VariantName = "[No Variations]"
Add component (AddParameter): Name = "Manufacturer"; Value = "Texas Instruments"; VariantName = "[No Variations]"
Add component (AddParameter): Name = "Manufacturer Part Number"; Value = "MAX232DR"; VariantName = "[No Variations]"
Add component (AddParameter): Name = "Number of Drivers/Receivers"; Value = "2/2"; VariantName = "[No Variations]"
Add component (AddParameter): Name = "Package / Case"; Value = "16-SOIC (3.9mm Width)"; VariantName = "[No Variations]"
Add component (AddParameter): Name = "Packaging"; Value = "Cut Tape (CT)"; VariantName = "[No Variations]"
Add component (AddParameter): Name = "Protocol"; Value = "RS232"; VariantName = "[No Variations]"
Add component (AddParameter): Name = "RoHS"; Value = "RoHS Compliant"; VariantName = "[No Variations]"
Add component (AddParameter): Name = "Supplier"; Value = "Digi-Key"; VariantName = "[No Variations]"
Add component (AddParameter): Name = "Supplier 1"; Value = "Digi-Key"; VariantName = "[No Variations]"
Add component (AddParameter): Name = "Supplier Part Number"; Value = "296-14619-1-ND"; VariantName = "[No Variations]"
Add component (AddParameter): Name = "Supplier Part Number 1"; Value = "296-14619-1-ND"; VariantName = "[No Variations]"
Add component (AddParameter): Name = "Type"; Value = "Transceiver"; VariantName = "[No Variations]"
Add component (AddParameter): Name = "Voltage - Supply"; Value = "4.5 V ~ 5.5 V"; VariantName = "[No Variations]"
Added Component: Designator=U2(QTO-92)
Add component (AddParameter): Name = "Value"; Value = "LM35"; VariantName = "[No Variations]"
Added Component: Designator=VR1(VOL_1)
Add component (AddParameter): Name = "Value"; Value = "VR 10K"; VariantName = "[No Variations]"
Added Component: Designator=Y1(XT2)
Add component (AddParameter): Name = "Value"; Value = "4Mhz"; VariantName = "[No Variations]"
Added Pin To Net: NetName=1 Pin=IC1-1
Added Pin To Net: NetName=1 Pin=R2-2
Added Net: Name=1
Added Pin To Net: NetName=2 Pin=IC1-2
Added Pin To Net: NetName=2 Pin=R3-2
Added Net: Name=2
Added Pin To Net: NetName=5V Pin=C6-2
Added Pin To Net: NetName=5V Pin=IC1-10
Added Pin To Net: NetName=5V Pin=IC1-30
Added Pin To Net: NetName=5V Pin=IC1-32
Added Pin To Net: NetName=5V Pin=JP1-1
Added Pin To Net: NetName=5V Pin=LCD1-2
Added Pin To Net: NetName=5V Pin=R1-2
Added Pin To Net: NetName=5V Pin=U1-15
Added Pin To Net: NetName=5V Pin=U2-1
Added Pin To Net: NetName=5V Pin=VR1-3
Added Net: Name=5V
Added Pin To Net: NetName=9 Pin=C5-2
Added Pin To Net: NetName=9 Pin=IC1-9
Added Pin To Net: NetName=9 Pin=R1-1
Added Pin To Net: NetName=9 Pin=RESET-2
Added Pin To Net: NetName=9 Pin=RESET-4
Added Net: Name=9
Added Pin To Net: NetName=11 Pin=C7-1
Added Pin To Net: NetName=11 Pin=C8-1
Added Pin To Net: NetName=11 Pin=C9-1
Added Pin To Net: NetName=11 Pin=IC1-11
Added Pin To Net: NetName=11 Pin=IC1-31
Added Pin To Net: NetName=11 Pin=JP1-2
Added Pin To Net: NetName=11 Pin=LCD1-1
Added Pin To Net: NetName=11 Pin=LCD1-3
Added Pin To Net: NetName=11 Pin=LCD1-5
Added Pin To Net: NetName=11 Pin=LED1-2
Added Pin To Net: NetName=11 Pin=LED2-2
Added Pin To Net: NetName=11 Pin=LED3-2
Added Pin To Net: NetName=11 Pin=LED4-2
Added Pin To Net: NetName=11 Pin=LED5-2
Added Pin To Net: NetName=11 Pin=LED6-2
Added Pin To Net: NetName=11 Pin=LED7-2
Added Pin To Net: NetName=11 Pin=LED8-2
Added Pin To Net: NetName=11 Pin=U1-16
Added Pin To Net: NetName=11 Pin=U2-3
Added Pin To Net: NetName=11 Pin=VR1-1
Added Net: Name=11
Added Pin To Net: NetName=12 Pin=C4-2
Added Pin To Net: NetName=12 Pin=IC1-12
Added Pin To Net: NetName=12 Pin=Y1-2
Added Net: Name=12
Added Pin To Net: NetName=13 Pin=C3-2
Added Pin To Net: NetName=13 Pin=IC1-13
Added Pin To Net: NetName=13 Pin=Y1-1
Added Net: Name=13
Added Pin To Net: NetName=14 Pin=IC1-14
Added Pin To Net: NetName=14 Pin=U1-12
Added Net: Name=14
Added Pin To Net: NetName=15 Pin=IC1-15
Added Pin To Net: NetName=15 Pin=U1-11
Added Net: Name=15
Added Pin To Net: NetName=16 Pin=IC1-16
Added Pin To Net: NetName=16 Pin=LCD1-4
Added Net: Name=16
Added Pin To Net: NetName=17 Pin=IC1-17
Added Pin To Net: NetName=17 Pin=LCD1-6
Added Net: Name=17
Added Pin To Net: NetName=18 Pin=IC1-18
Added Pin To Net: NetName=18 Pin=LCD1-11
Added Net: Name=18
Added Pin To Net: NetName=19 Pin=IC1-19
Added Pin To Net: NetName=19 Pin=LCD1-12
Added Net: Name=19
Added Pin To Net: NetName=20 Pin=IC1-20
Added Pin To Net: NetName=20 Pin=LCD1-13
Added Net: Name=20
Added Pin To Net: NetName=21 Pin=IC1-21
Added Pin To Net: NetName=21 Pin=LCD1-14
Added Net: Name=21
Added Pin To Net: NetName=22 Pin=IC1-22
Added Pin To Net: NetName=22 Pin=IC1-23
Added Pin To Net: NetName=22 Pin=IC1-24
Added Pin To Net: NetName=22 Pin=IC1-25
Added Pin To Net: NetName=22 Pin=IC1-26
Added Pin To Net: NetName=22 Pin=SW2-1
Added Pin To Net: NetName=22 Pin=SW2-3
Added Pin To Net: NetName=22 Pin=SW3-1
Added Pin To Net: NetName=22 Pin=SW3-3
Added Pin To Net: NetName=22 Pin=SW4-1
Added Pin To Net: NetName=22 Pin=SW4-3
Added Pin To Net: NetName=22 Pin=SW5-1
Added Pin To Net: NetName=22 Pin=SW5-3
Added Pin To Net: NetName=22 Pin=SW6-1
Added Pin To Net: NetName=22 Pin=SW6-3
Added Pin To Net: NetName=22 Pin=SW7-1
Added Pin To Net: NetName=22 Pin=SW7-3
Added Pin To Net: NetName=22 Pin=SW8-1
Added Pin To Net: NetName=22 Pin=SW8-3
Added Pin To Net: NetName=22 Pin=SW9-1
Added Pin To Net: NetName=22 Pin=SW9-3
Added Pin To Net: NetName=22 Pin=SW10-1
Added Pin To Net: NetName=22 Pin=SW10-3
Added Pin To Net: NetName=22 Pin=SW11-1
Added Pin To Net: NetName=22 Pin=SW11-3
Added Pin To Net: NetName=22 Pin=SW12-1
Added Pin To Net: NetName=22 Pin=SW12-3
Added Pin To Net: NetName=22 Pin=SW13-1
Added Pin To Net: NetName=22 Pin=SW13-3
Added Pin To Net: NetName=22 Pin=SW14-1
Added Pin To Net: NetName=22 Pin=SW14-2
Added Pin To Net: NetName=22 Pin=SW14-3
Added Pin To Net: NetName=22 Pin=SW14-4
Added Pin To Net: NetName=22 Pin=SW15-1
Added Pin To Net: NetName=22 Pin=SW15-2
Added Pin To Net: NetName=22 Pin=SW15-3
Added Pin To Net: NetName=22 Pin=SW15-4
Added Pin To Net: NetName=22 Pin=SW16-1
Added Pin To Net: NetName=22 Pin=SW16-2
Added Pin To Net: NetName=22 Pin=SW16-3
Added Pin To Net: NetName=22 Pin=SW16-4
Added Pin To Net: NetName=22 Pin=SW17-1
Added Pin To Net: NetName=22 Pin=SW17-2
Added Pin To Net: NetName=22 Pin=SW17-3
Added Pin To Net: NetName=22 Pin=SW17-4
Added Net: Name=22
Added Pin To Net: NetName=27 Pin=IC1-27
Added Pin To Net: NetName=27 Pin=SW10-2
Added Pin To Net: NetName=27 Pin=SW10-4
Added Pin To Net: NetName=27 Pin=SW11-2
Added Pin To Net: NetName=27 Pin=SW11-4
Added Pin To Net: NetName=27 Pin=SW12-2
Added Pin To Net: NetName=27 Pin=SW12-4
Added Pin To Net: NetName=27 Pin=SW13-2
Added Pin To Net: NetName=27 Pin=SW13-4
Added Net: Name=27
Added Pin To Net: NetName=28 Pin=IC1-28
Added Pin To Net: NetName=28 Pin=SW6-2
Added Pin To Net: NetName=28 Pin=SW6-4
Added Pin To Net: NetName=28 Pin=SW7-2
Added Pin To Net: NetName=28 Pin=SW7-4
Added Pin To Net: NetName=28 Pin=SW8-2
Added Pin To Net: NetName=28 Pin=SW8-4
Added Pin To Net: NetName=28 Pin=SW9-2
Added Pin To Net: NetName=28 Pin=SW9-4
Added Net: Name=28
Added Pin To Net: NetName=29 Pin=IC1-29
Added Pin To Net: NetName=29 Pin=SW2-2
Added Pin To Net: NetName=29 Pin=SW2-4
Added Pin To Net: NetName=29 Pin=SW3-2
Added Pin To Net: NetName=29 Pin=SW3-4
Added Pin To Net: NetName=29 Pin=SW4-2
Added Pin To Net: NetName=29 Pin=SW4-4
Added Pin To Net: NetName=29 Pin=SW5-2
Added Pin To Net: NetName=29 Pin=SW5-4
Added Net: Name=29
Added Pin To Net: NetName=33 Pin=IC1-33
Added Pin To Net: NetName=33 Pin=R9-2
Added Net: Name=33
Added Pin To Net: NetName=34 Pin=IC1-34
Added Pin To Net: NetName=34 Pin=R8-2
Added Net: Name=34
Added Pin To Net: NetName=35 Pin=IC1-35
Added Pin To Net: NetName=35 Pin=R7-2
Added Net: Name=35
Added Pin To Net: NetName=36 Pin=IC1-36
Added Pin To Net: NetName=36 Pin=R6-2
Added Net: Name=36
Added Pin To Net: NetName=37 Pin=IC1-37
Added Pin To Net: NetName=37 Pin=R5-2
Added Net: Name=37
Added Pin To Net: NetName=38 Pin=IC1-38
Added Pin To Net: NetName=38 Pin=R4-2
Added Net: Name=38
Added Pin To Net: NetName=39 Pin=C8-2
Added Pin To Net: NetName=39 Pin=IC1-39
Added Pin To Net: NetName=39 Pin=VR1-2
Added Net: Name=39
Added Pin To Net: NetName=40 Pin=C9-2
Added Pin To Net: NetName=40 Pin=IC1-40
Added Pin To Net: NetName=40 Pin=U2-2
Added Net: Name=40
Added Pin To Net: NetName=JP2-1 Pin=IC1-3
Added Pin To Net: NetName=JP2-1 Pin=P1-1
Added Net: Name=JP2-1
Added Pin To Net: NetName=JP2-2 Pin=IC1-4
Added Pin To Net: NetName=JP2-2 Pin=P1-2
Added Net: Name=JP2-2
Added Pin To Net: NetName=JP2-3 Pin=IC1-5
Added Pin To Net: NetName=JP2-3 Pin=P1-3
Added Net: Name=JP2-3
Added Pin To Net: NetName=JP2-4 Pin=IC1-6
Added Pin To Net: NetName=JP2-4 Pin=P1-4
Added Net: Name=JP2-4
Added Pin To Net: NetName=JP2-5 Pin=IC1-7
Added Pin To Net: NetName=JP2-5 Pin=P1-5
Added Net: Name=JP2-5
Added Pin To Net: NetName=JP2-6 Pin=IC1-8
Added Pin To Net: NetName=JP2-6 Pin=P1-6
Added Net: Name=JP2-6
Added Pin To Net: NetName=NetC1_1 Pin=C1-1
Added Pin To Net: NetName=NetC1_1 Pin=U1-3
Added Net: Name=NetC1_1
Added Pin To Net: NetName=NetC1_2 Pin=C1-2
Added Pin To Net: NetName=NetC1_2 Pin=U1-1
Added Net: Name=NetC1_2
Added Pin To Net: NetName=NetC2_1 Pin=C2-1
Added Pin To Net: NetName=NetC2_1 Pin=U1-5
Added Net: Name=NetC2_1
Added Pin To Net: NetName=NetC2_2 Pin=C2-2
Added Pin To Net: NetName=NetC2_2 Pin=U1-4
Added Net: Name=NetC2_2
Added Pin To Net: NetName=NetC3_1 Pin=C3-1
Added Pin To Net: NetName=NetC3_1 Pin=C4-1
Added Pin To Net: NetName=NetC3_1 Pin=C5-1
Added Pin To Net: NetName=NetC3_1 Pin=RESET-1
Added Pin To Net: NetName=NetC3_1 Pin=RESET-3
Added Net: Name=NetC3_1
Added Pin To Net: NetName=NetC6_1 Pin=C6-1
Added Pin To Net: NetName=NetC6_1 Pin=U1-2
Added Net: Name=NetC6_1
Added Pin To Net: NetName=NetC7_2 Pin=C7-2
Added Pin To Net: NetName=NetC7_2 Pin=U1-6
Added Net: Name=NetC7_2
Added Pin To Net: NetName=NetJ1_2 Pin=J1-2
Added Pin To Net: NetName=NetJ1_2 Pin=U1-13
Added Net: Name=NetJ1_2
Added Pin To Net: NetName=NetJ1_3 Pin=J1-3
Added Pin To Net: NetName=NetJ1_3 Pin=U1-14
Added Net: Name=NetJ1_3
Added Pin To Net: NetName=NetLED1_1 Pin=LED1-1
Added Pin To Net: NetName=NetLED1_1 Pin=R2-1
Added Net: Name=NetLED1_1
Added Pin To Net: NetName=NetLED2_1 Pin=LED2-1
Added Pin To Net: NetName=NetLED2_1 Pin=R3-1
Added Net: Name=NetLED2_1
Added Pin To Net: NetName=NetLED3_1 Pin=LED3-1
Added Pin To Net: NetName=NetLED3_1 Pin=R4-1
Added Net: Name=NetLED3_1
Added Pin To Net: NetName=NetLED4_1 Pin=LED4-1
Added Pin To Net: NetName=NetLED4_1 Pin=R5-1
Added Net: Name=NetLED4_1
Added Pin To Net: NetName=NetLED5_1 Pin=LED5-1
Added Pin To Net: NetName=NetLED5_1 Pin=R6-1
Added Net: Name=NetLED5_1
Added Pin To Net: NetName=NetLED6_1 Pin=LED6-1
Added Pin To Net: NetName=NetLED6_1 Pin=R7-1
Added Net: Name=NetLED6_1
Added Pin To Net: NetName=NetLED7_1 Pin=LED7-1
Added Pin To Net: NetName=NetLED7_1 Pin=R8-1
Added Net: Name=NetLED7_1
Added Pin To Net: NetName=NetLED8_1 Pin=LED8-1
Added Pin To Net: NetName=NetLED8_1 Pin=R9-1
Added Net: Name=NetLED8_1
Added Class: Name=NGUYEN LI
Added Room: Name=NGUYEN LI
