Removed Pin From Net: NetName=11 Pin=LCD1-1
Removed Pin From Net: NetName=22 Pin=SW2-1
Removed Pin From Net: NetName=22 Pin=SW3-1
Removed Pin From Net: NetName=22 Pin=SW4-1
Removed Pin From Net: NetName=22 Pin=SW5-1
Removed Pin From Net: NetName=22 Pin=SW6-1
Removed Pin From Net: NetName=22 Pin=SW7-1
Removed Pin From Net: NetName=22 Pin=SW8-1
Removed Pin From Net: NetName=22 Pin=SW9-1
Removed Pin From Net: NetName=22 Pin=SW10-1
Removed Pin From Net: NetName=22 Pin=SW11-1
Removed Pin From Net: NetName=22 Pin=SW12-1
Removed Pin From Net: NetName=22 Pin=SW13-1
Removed Pin From Net: NetName=22 Pin=SW14-1
Removed Pin From Net: NetName=22 Pin=SW14-2
Removed Pin From Net: NetName=22 Pin=SW14-3
Removed Pin From Net: NetName=22 Pin=SW14-4
Removed Pin From Net: NetName=22 Pin=SW15-1
Removed Pin From Net: NetName=22 Pin=SW15-2
Removed Pin From Net: NetName=22 Pin=SW15-3
Removed Pin From Net: NetName=22 Pin=SW15-4
Removed Pin From Net: NetName=22 Pin=SW16-1
Removed Pin From Net: NetName=22 Pin=SW16-2
Removed Pin From Net: NetName=22 Pin=SW16-3
Removed Pin From Net: NetName=22 Pin=SW16-4
Removed Pin From Net: NetName=22 Pin=SW17-1
Removed Pin From Net: NetName=22 Pin=SW17-2
Removed Pin From Net: NetName=22 Pin=SW17-3
Removed Pin From Net: NetName=22 Pin=SW17-4
Removed Member From Class: ClassName=NGUYEN LI Member=SW14
Removed Member From Class: ClassName=NGUYEN LI Member=SW15
Removed Member From Class: ClassName=NGUYEN LI Member=SW16
Removed Member From Class: ClassName=NGUYEN LI Member=SW17
Change Component Footprint: Designator=LCD1 Old Footprint=LCD16X2 New Footprint=JP16-C1T
Change Component Footprint: Designator=SW2 Old Footprint=SW4 New Footprint=SW2-SMD
Change Component Footprint: Designator=SW3 Old Footprint=SW4 New Footprint=SW2-SMD
Change Component Footprint: Designator=SW4 Old Footprint=SW4 New Footprint=SW2-SMD
Change Component Footprint: Designator=SW5 Old Footprint=SW4 New Footprint=SW2-SMD
Change Component Footprint: Designator=SW6 Old Footprint=SW4 New Footprint=SW2-SMD
Change Component Footprint: Designator=SW7 Old Footprint=SW4 New Footprint=SW2-SMD
Change Component Footprint: Designator=SW8 Old Footprint=SW4 New Footprint=SW2-SMD
Change Component Footprint: Designator=SW9 Old Footprint=SW4 New Footprint=SW2-SMD
Change Component Footprint: Designator=SW10 Old Footprint=SW4 New Footprint=SW2-SMD
Change Component Footprint: Designator=SW11 Old Footprint=SW4 New Footprint=SW2-SMD
Change Component Footprint: Designator=SW12 Old Footprint=SW4 New Footprint=SW2-SMD
Change Component Footprint: Designator=SW13 Old Footprint=SW4 New Footprint=SW2-SMD
Change Component Comment : Designator=LCD1 Old Comment=LCD16x2A New Comment=LCD 16x2A
Change component parameters: Designator = "SW2" ("SW2"); Footprint = "SW4"; UniqueID = "\AWFHVXCZ" ("\AWFHVXCZ")
Change component parameters (AddParameter): Name = "Value"; Value = "Button chip 4 pin"; VariantName = "[No Variations]"
Change component parameters: Designator = "SW3" ("SW3"); Footprint = "SW4"; UniqueID = "\VCFKXQHD" ("\VCFKXQHD")
Change component parameters (AddParameter): Name = "Value"; Value = "Button chip 4 pin"; VariantName = "[No Variations]"
Change component parameters: Designator = "SW4" ("SW4"); Footprint = "SW4"; UniqueID = "\VQMXPZIK" ("\VQMXPZIK")
Change component parameters (AddParameter): Name = "Value"; Value = "Button chip 4 pin"; VariantName = "[No Variations]"
Change component parameters: Designator = "SW5" ("SW5"); Footprint = "SW4"; UniqueID = "\FQJFQILA" ("\FQJFQILA")
Change component parameters (AddParameter): Name = "Value"; Value = "Button chip 4 pin"; VariantName = "[No Variations]"
Change component parameters: Designator = "SW6" ("SW6"); Footprint = "SW4"; UniqueID = "\UAOQFYXW" ("\UAOQFYXW")
Change component parameters (AddParameter): Name = "Value"; Value = "Button chip 4 pin"; VariantName = "[No Variations]"
Change component parameters: Designator = "SW7" ("SW7"); Footprint = "SW4"; UniqueID = "\TBTLDUIR" ("\TBTLDUIR")
Change component parameters (AddParameter): Name = "Value"; Value = "Button chip 4 pin"; VariantName = "[No Variations]"
Change component parameters: Designator = "SW8" ("SW8"); Footprint = "SW4"; UniqueID = "\VOFYWCXY" ("\VOFYWCXY")
Change component parameters (AddParameter): Name = "Value"; Value = "Button chip 4 pin"; VariantName = "[No Variations]"
Change component parameters: Designator = "SW9" ("SW9"); Footprint = "SW4"; UniqueID = "\QDBJSFWG" ("\QDBJSFWG")
Change component parameters (AddParameter): Name = "Value"; Value = "Button chip 4 pin"; VariantName = "[No Variations]"
Change component parameters: Designator = "SW10" ("SW10"); Footprint = "SW4"; UniqueID = "\DOYDNLEI" ("\DOYDNLEI")
Change component parameters (AddParameter): Name = "Value"; Value = "Button chip 4 pin"; VariantName = "[No Variations]"
Change component parameters: Designator = "SW11" ("SW11"); Footprint = "SW4"; UniqueID = "\BYFLBAQG" ("\BYFLBAQG")
Change component parameters (AddParameter): Name = "Value"; Value = "Button chip 4 pin"; VariantName = "[No Variations]"
Change component parameters: Designator = "SW12" ("SW12"); Footprint = "SW4"; UniqueID = "\IDSWKFOY" ("\IDSWKFOY")
Change component parameters (AddParameter): Name = "Value"; Value = "Button chip 4 pin"; VariantName = "[No Variations]"
Change component parameters: Designator = "SW13" ("SW13"); Footprint = "SW4"; UniqueID = "\SGRHNSRJ" ("\SGRHNSRJ")
Change component parameters (AddParameter): Name = "Value"; Value = "Button chip 4 pin"; VariantName = "[No Variations]"
Added Component: Designator=DEL(SW2-SMD)
Add component (AddParameter): Name = "Value"; Value = "Button chip 4 pin"; VariantName = "[No Variations]"
Added Component: Designator=EXIT(SW2-SMD)
Add component (AddParameter): Name = "Value"; Value = "Button chip 4 pin"; VariantName = "[No Variations]"
Added Component: Designator=PRO/OK(SW2-SMD)
Add component (AddParameter): Name = "Value"; Value = "Button chip 4 pin"; VariantName = "[No Variations]"
Added Component: Designator=SET(SW2-SMD)
Add component (AddParameter): Name = "Value"; Value = "Button chip 4 pin"; VariantName = "[No Variations]"
Added Pin To Net: NetName=22 Pin=DEL-2
Added Pin To Net: NetName=22 Pin=DEL-3
Added Pin To Net: NetName=22 Pin=EXIT-2
Added Pin To Net: NetName=22 Pin=EXIT-3
Added Pin To Net: NetName=22 Pin=IC1-27
Added Pin To Net: NetName=22 Pin=IC1-28
Added Pin To Net: NetName=22 Pin=IC1-29
Added Pin To Net: NetName=22 Pin=PRO/OK-2
Added Pin To Net: NetName=22 Pin=PRO/OK-3
Added Pin To Net: NetName=22 Pin=SET-2
Added Pin To Net: NetName=22 Pin=SET-3
Added Pin To Net: NetName=22 Pin=SW2-2
Added Pin To Net: NetName=22 Pin=SW3-2
Added Pin To Net: NetName=22 Pin=SW4-2
Added Pin To Net: NetName=22 Pin=SW5-2
Added Pin To Net: NetName=22 Pin=SW6-2
Added Pin To Net: NetName=22 Pin=SW7-2
Added Pin To Net: NetName=22 Pin=SW8-2
Added Pin To Net: NetName=22 Pin=SW9-2
Added Pin To Net: NetName=22 Pin=SW10-2
Added Pin To Net: NetName=22 Pin=SW11-2
Added Pin To Net: NetName=22 Pin=SW12-2
Added Pin To Net: NetName=22 Pin=SW13-2
Added Member To Class: ClassName=NGUYEN LI Member=Component DEL SW
Added Member To Class: ClassName=NGUYEN LI Member=Component EXIT SW
Added Member To Class: ClassName=NGUYEN LI Member=Component PRO/OK SW
Added Member To Class: ClassName=NGUYEN LI Member=Component SET SW
Added Member To Class: ClassName=NGUYEN LI Member=Component  JP1
Added Room: Name=NGUYEN LI
