Removed Pin From Net: NetName=GND Pin=LCD1-1
Removed Pin From Net: NetName=30-32 Pin=LCD1-2
Removed Pin From Net: NetName=GND Pin=LCD1-3
Removed Pin From Net: NetName=16 Pin=LCD1-4
Removed Pin From Net: NetName=GND Pin=LCD1-5
Removed Pin From Net: NetName=17 Pin=LCD1-6
Removed Pin From Net: NetName=18 Pin=LCD1-11
Removed Pin From Net: NetName=19 Pin=LCD1-12
Removed Pin From Net: NetName=20 Pin=LCD1-13
Removed Pin From Net: NetName=21 Pin=LCD1-14
Removed Member From Class: ClassName=NGUYEN LI Member=LCD1
Change Component Footprint: Designator=P? Old Footprint=HDR1X16 New Footprint=LCD16X2
Added Component: Designator=P?(HDR1X16)
Added Pin To Net: NetName=GND Pin=P?-1
Added Pin To Net: NetName=30-32 Pin=P?-2
Added Pin To Net: NetName=GND Pin=P?-3
Added Pin To Net: NetName=16 Pin=P?-4
Added Pin To Net: NetName=GND Pin=P?-5
Added Pin To Net: NetName=17 Pin=P?-6
Added Pin To Net: NetName=18 Pin=P?-11
Added Pin To Net: NetName=19 Pin=P?-12
Added Pin To Net: NetName=20 Pin=P?-13
Added Pin To Net: NetName=21 Pin=P?-14
Added Member To Class: ClassName=NGUYEN LI Member=Component P? LCD16x2
