Change Component Designator: Old Designator=BT? New Designator=BT1
Change Component Designator: Old Designator=C22 New Designator=C1
Change Component Designator: Old Designator=C? New Designator=C2
Change Component Designator: Old Designator=D? New Designator=D1
Change Component Designator: Old Designator=D? New Designator=D2
Change Component Designator: Old Designator=D? New Designator=D3
Change Component Designator: Old Designator=H New Designator=H1
Change Component Designator: Old Designator=HD? New Designator=HD1
Change Component Designator: Old Designator=HD? New Designator=HD2
Change Component Designator: Old Designator=HD? New Designator=HD3
Change Component Designator: Old Designator=HD? New Designator=HD4
Change Component Designator: Old Designator=IC? New Designator=IC1
Change Component Designator: Old Designator=JDC New Designator=JDC1
Change Component Designator: Old Designator=K? New Designator=K1
Change Component Designator: Old Designator=K? New Designator=K2
Change Component Designator: Old Designator=K? New Designator=K3
Change Component Designator: Old Designator=LED? New Designator=LED1
Change Component Designator: Old Designator=LED? New Designator=LED2
Change Component Designator: Old Designator=LED? New Designator=LED3
Change Component Designator: Old Designator=LED? New Designator=LED4
Change Component Designator: Old Designator=P5 New Designator=P3
Change Component Designator: Old Designator=P7 New Designator=P4
Change Component Designator: Old Designator=P9 New Designator=P5
Change Component Designator: Old Designator=Q? New Designator=Q1
Change Component Designator: Old Designator=Q? New Designator=Q2
Change Component Designator: Old Designator=Q? New Designator=Q3
Change Component Designator: Old Designator=R? New Designator=R1
Change Component Designator: Old Designator=R? New Designator=R2
Change Component Designator: Old Designator=R? New Designator=R3
Change Component Designator: Old Designator=R? New Designator=R4
Change Component Designator: Old Designator=R? New Designator=R5
Change Component Designator: Old Designator=R? New Designator=R6
Change Component Designator: Old Designator=R? New Designator=R7
Change Component Designator: Old Designator=R? New Designator=R8
Change Component Designator: Old Designator=R? New Designator=R9
Change Component Designator: Old Designator=R? New Designator=R10
Change Component Designator: Old Designator=SD? New Designator=SD1
Change Component Designator: Old Designator=SW? New Designator=SW1
Change Component Designator: Old Designator=U? New Designator=U3
Change Component Designator: Old Designator=U? New Designator=U4
Change Component Designator: Old Designator=U? New Designator=U5
Change Component Designator: Old Designator=U? New Designator=U2
Change Component Designator: Old Designator=X? New Designator=X1
