Removed Pin From Net: NetName=GND Pin=P4-1
Removed Pin From Net: NetName=NetP4_2 Pin=P4-2
Removed Member From Class: ClassName=NGUYEN LI Member=P9
Removed Member From Class: ClassName=NGUYEN LI Member=P10
Change Component Designator: OldDesignator=P5 NewDesignator=P3
Change Component Designator: OldDesignator=P6 NewDesignator=P4
Change Component Designator: OldDesignator=P7 NewDesignator=P5
Change Component Designator: OldDesignator=P8 NewDesignator=P6
Change Component Designator: OldDesignator=P9 NewDesignator=P7
Change Component Designator: OldDesignator=P10 NewDesignator=P8
Added Component: Designator=JP1(HED2)
Add component (AddParameter): Name = "Class"; Value = "Connector"; VariantName = "[No Variations]"
Add component (AddParameter): Name = "Manufacturer"; Value = "Generic Components"; VariantName = "[No Variations]"
Add component (AddParameter): Name = "Value"; Value = "Header 2"; VariantName = "[No Variations]"
Added Component: Designator=JP2(HED2)
Add component (AddParameter): Name = "Class"; Value = "Connector"; VariantName = "[No Variations]"
Add component (AddParameter): Name = "Manufacturer"; Value = "Generic Components"; VariantName = "[No Variations]"
Add component (AddParameter): Name = "Value"; Value = "Header 2"; VariantName = "[No Variations]"
Added Pin To Net: NetName=GND Pin=JP2-1
Added Pin To Net: NetName=NetP4_2 Pin=JP2-2
Change Net Name : Old Net Name=NetP4_2 New Net Name=NetJP2_2
Added Pin To Net: NetName=NetJP1_1 Pin=JP1-1
Added Pin To Net: NetName=NetJP1_1 Pin=U1-16
Added Net: Name=NetJP1_1
Added Pin To Net: NetName=NetJP1_2 Pin=JP1-2
Added Pin To Net: NetName=NetJP1_2 Pin=U1-15
Added Net: Name=NetJP1_2
Change Class Name : Old Net Name=NGUYEN LI New Net Name=NGUYEN LI 
Added Member To Class: ClassName=NGUYEN LI  Member=Component JP1 Header 2_1
Added Member To Class: ClassName=NGUYEN LI  Member=Component JP2 Header 2_1
Added Room: Name=NGUYEN LI 
