Removed Pin From Net: NetName=NetLED2_2 Pin=U3-1
Removed Pin From Net: NetName=NetR5_2 Pin=U3-2
Removed Pin From Net: NetName=NetR6_1 Pin=U3-4
Removed Pin From Net: NetName=VCC Pin=U3-5
Removed Pin From Net: NetName=NetLED3_2 Pin=U4-1
Removed Pin From Net: NetName=NetR7_2 Pin=U4-2
Removed Pin From Net: NetName=NetR8_1 Pin=U4-4
Removed Pin From Net: NetName=VCC Pin=U4-5
Removed Pin From Net: NetName=NetLED4_2 Pin=U5-1
Removed Pin From Net: NetName=NetR9_2 Pin=U5-2
Removed Pin From Net: NetName=NetR10_1 Pin=U5-4
Removed Pin From Net: NetName=VCC Pin=U5-5
Change Component Footprint: Designator=U3 Old Footprint=DIP8 New Footprint=PhotoCoupler
Change Component Footprint: Designator=U4 Old Footprint=DIP8 New Footprint=PhotoCoupler
Change Component Footprint: Designator=U5 Old Footprint=DIP8 New Footprint=PhotoCoupler
Added Pin To Net: NetName=NetR5_2 Pin=U3-1
Added Pin To Net: NetName=NetLED2_2 Pin=U3-2
Added Pin To Net: NetName=NetR6_1 Pin=U3-3
Added Pin To Net: NetName=VCC Pin=U3-4
Added Pin To Net: NetName=NetR7_2 Pin=U4-1
Added Pin To Net: NetName=NetLED3_2 Pin=U4-2
Added Pin To Net: NetName=NetR8_1 Pin=U4-3
Added Pin To Net: NetName=VCC Pin=U4-4
Added Pin To Net: NetName=NetR9_2 Pin=U5-1
Added Pin To Net: NetName=NetLED4_2 Pin=U5-2
Added Pin To Net: NetName=NetR10_1 Pin=U5-3
Added Pin To Net: NetName=VCC Pin=U5-4
Added Room: Name=NGUYEN LI 
