Added Component: Designator=*?(PCB)
Added Component: Designator=*?(PCB)
Added Component: Designator=*?(PCB)
Added Component: Designator=*(PCB)
Added Component: Designator=BAT43W-7-F(DIO-1A-SMALL)
Added Component: Designator=C1(CAPC-0603 (1608))
Add component (AddParameter): Name = "Category"; Value = "CAPACITOR"; VariantName = "[No Variations]"
Add component (AddParameter): Name = "CompanyID"; Value = ""; VariantName = "[No Variations]"
Add component (AddParameter): Name = "MFR"; Value = ""; VariantName = "[No Variations]"
Add component (AddParameter): Name = "MFR_URL"; Value = ""; VariantName = "[No Variations]"
Add component (AddParameter): Name = "MPN"; Value = ""; VariantName = "[No Variations]"
Add component (AddParameter): Name = "PinCount"; Value = ""; VariantName = "[No Variations]"
Add component (AddParameter): Name = "Solder"; Value = "Not Fill"; VariantName = "[No Variations]"
Add component (AddParameter): Name = "Value"; Value = "NF"; VariantName = "[No Variations]"
Added Component: Designator=C2(CAPC-0603 (1608))
Add component (AddParameter): Name = "Category"; Value = "CAPACITOR"; VariantName = "[No Variations]"
Add component (AddParameter): Name = "CompanyID"; Value = ""; VariantName = "[No Variations]"
Add component (AddParameter): Name = "MFR"; Value = ""; VariantName = "[No Variations]"
Add component (AddParameter): Name = "MFR_URL"; Value = ""; VariantName = "[No Variations]"
Add component (AddParameter): Name = "MPN"; Value = ""; VariantName = "[No Variations]"
Add component (AddParameter): Name = "PinCount"; Value = ""; VariantName = "[No Variations]"
Add component (AddParameter): Name = "Solder"; Value = "Not Fill"; VariantName = "[No Variations]"
Add component (AddParameter): Name = "Value"; Value = "NF"; VariantName = "[No Variations]"
Added Component: Designator=FAN1(Sunon_Fans_0_MFG)
Added Component: Designator=J4(SAMTEC_SSW-120-22-X-D-VS)
Add component (AddParameter): Name = "Availability"; Value = "Bad"; VariantName = "[No Variations]"
Add component (AddParameter): Name = "MF"; Value = "Samtec"; VariantName = "[No Variations]"
Add component (AddParameter): Name = "MP"; Value = "SSW-120-22-G-D-VS"; VariantName = "[No Variations]"
Add component (AddParameter): Name = "Package"; Value = "None"; VariantName = "[No Variations]"
Add component (AddParameter): Name = "Price"; Value = "None"; VariantName = "[No Variations]"
Add component (AddParameter): Name = "Value"; Value = ""; VariantName = "[No Variations]"
Added Component: Designator=MB1(MIKROBUS HOST SMD 16 - Black)
Added Component: Designator=MB2(MIKROBUS HOST SMD 16 - Black)
Added Component: Designator=MB3(SAMTEC-HTST-108-01-X-DV)
Add component (AddParameter): Name = "Availability"; Value = "Unavailable"; VariantName = "[No Variations]"
Add component (AddParameter): Name = "MF"; Value = ""; VariantName = "[No Variations]"
Add component (AddParameter): Name = "MP"; Value = "SAMTEC-HTST-108-01-X-DV"; VariantName = "[No Variations]"
Add component (AddParameter): Name = "Package"; Value = "None"; VariantName = "[No Variations]"
Add component (AddParameter): Name = "Price"; Value = "None"; VariantName = "[No Variations]"
Add component (AddParameter): Name = "Value"; Value = ""; VariantName = "[No Variations]"
Added Component: Designator=Q1(DMG3420U-7)
Added Component: Designator=R1(RESC-0603 (1608))
Add component (AddParameter): Name = "Category"; Value = "RESISTOR"; VariantName = "[No Variations]"
Add component (AddParameter): Name = "CompanyID"; Value = ""; VariantName = "[No Variations]"
Add component (AddParameter): Name = "MFR"; Value = ""; VariantName = "[No Variations]"
Add component (AddParameter): Name = "MFR_URL"; Value = ""; VariantName = "[No Variations]"
Add component (AddParameter): Name = "MPN"; Value = ""; VariantName = "[No Variations]"
Add component (AddParameter): Name = "PinCount"; Value = ""; VariantName = "[No Variations]"
Add component (AddParameter): Name = "Solder"; Value = "Not Fill"; VariantName = "[No Variations]"
Add component (AddParameter): Name = "Value"; Value = "NF"; VariantName = "[No Variations]"
Added Component: Designator=R2(RESC-0603 (1608))
Add component (AddParameter): Name = "Category"; Value = "RESISTOR"; VariantName = "[No Variations]"
Add component (AddParameter): Name = "CompanyID"; Value = ""; VariantName = "[No Variations]"
Add component (AddParameter): Name = "MFR"; Value = ""; VariantName = "[No Variations]"
Add component (AddParameter): Name = "MFR_URL"; Value = ""; VariantName = "[No Variations]"
Add component (AddParameter): Name = "MPN"; Value = ""; VariantName = "[No Variations]"
Add component (AddParameter): Name = "PinCount"; Value = ""; VariantName = "[No Variations]"
Add component (AddParameter): Name = "Solder"; Value = "Not Fill"; VariantName = "[No Variations]"
Add component (AddParameter): Name = "Value"; Value = "NF"; VariantName = "[No Variations]"
Added Component: Designator=R4(RESC-0603 (1608))
Add component (AddParameter): Name = "Category"; Value = "RESISTOR"; VariantName = "[No Variations]"
Add component (AddParameter): Name = "CompanyID"; Value = ""; VariantName = "[No Variations]"
Add component (AddParameter): Name = "MFR"; Value = ""; VariantName = "[No Variations]"
Add component (AddParameter): Name = "MFR_URL"; Value = ""; VariantName = "[No Variations]"
Add component (AddParameter): Name = "MPN"; Value = ""; VariantName = "[No Variations]"
Add component (AddParameter): Name = "PinCount"; Value = ""; VariantName = "[No Variations]"
Add component (AddParameter): Name = "Solder"; Value = "Not Fill"; VariantName = "[No Variations]"
Add component (AddParameter): Name = "Value"; Value = "NF"; VariantName = "[No Variations]"
Added Component: Designator=R5(RESC-0603 (1608))
Add component (AddParameter): Name = "Category"; Value = "RESISTOR"; VariantName = "[No Variations]"
Add component (AddParameter): Name = "CompanyID"; Value = ""; VariantName = "[No Variations]"
Add component (AddParameter): Name = "MFR"; Value = ""; VariantName = "[No Variations]"
Add component (AddParameter): Name = "MFR_URL"; Value = ""; VariantName = "[No Variations]"
Add component (AddParameter): Name = "MPN"; Value = ""; VariantName = "[No Variations]"
Add component (AddParameter): Name = "PinCount"; Value = ""; VariantName = "[No Variations]"
Add component (AddParameter): Name = "Solder"; Value = "Not Fill"; VariantName = "[No Variations]"
Add component (AddParameter): Name = "Value"; Value = "NF"; VariantName = "[No Variations]"
Added Component: Designator=TP1(HARWIN_S2761-46R)
Add component (AddParameter): Name = "Check_prices"; Value = "https://www.snapeda.com/parts/S2761-46R/Harwin+Inc./view-part/?ref=eda"; VariantName = "[No Variations]"
Add component (AddParameter): Name = "Digi-Key_Part_Number"; Value = "952-2665-2-ND"; VariantName = "[No Variations]"
Add component (AddParameter): Name = "MF"; Value = "Harwin Inc."; VariantName = "[No Variations]"
Add component (AddParameter): Name = "MP"; Value = "S2761-46R"; VariantName = "[No Variations]"
Add component (AddParameter): Name = "Package"; Value = "None"; VariantName = "[No Variations]"
Add component (AddParameter): Name = "Purchase-URL"; Value = "https://pricing.snapeda.com/search/part/S2761-46R/?ref=eda"; VariantName = "[No Variations]"
Add component (AddParameter): Name = "SnapEDA_Link"; Value = "https://www.snapeda.com/parts/S2761-46R/Harwin+Inc./view-part/?ref=snap"; VariantName = "[No Variations]"
Add component (AddParameter): Name = "Value"; Value = ""; VariantName = "[No Variations]"
Added Component: Designator=U1(ADS1115IDGSR)
Added Pin To Net: NetName=ADC0 Pin=*-1
Added Pin To Net: NetName=AN1 Pin=*-2
Added Pin To Net: NetName=GPIO4 Pin=*-3
Added Pin To Net: NetName=ADC1 Pin=*?-1
Added Pin To Net: NetName=ADC2 Pin=*?-1
Added Pin To Net: NetName=GND Pin=*?-1
Added Pin To Net: NetName=ADDR Pin=*?-2
Added Pin To Net: NetName=AN2 Pin=*?-2
Added Pin To Net: NetName=AN3 Pin=*?-2
Added Pin To Net: NetName=3V3 Pin=*?-3
Added Pin To Net: NetName=ADC1 Pin=*?-3
Added Pin To Net: NetName=GPIO4 Pin=*?-3
Added Pin To Net: NetName=GND Pin=C1-1
Added Pin To Net: NetName=3V3 Pin=C1-2
Added Pin To Net: NetName=GND Pin=C2-1
Added Pin To Net: NetName=3V3 Pin=J4-02
Added Pin To Net: NetName=GPIO2/I2C-SDA Pin=J4-04
Added Pin To Net: NetName=GND Pin=J4-05
Added Pin To Net: NetName=GPIO2/I2C-SDA Pin=J4-06
Added Pin To Net: NetName=GPIO2/I2C-SDA Pin=J4-07
Added Pin To Net: NetName=GPIO4 Pin=J4-08
Added Pin To Net: NetName=GPIO7/CS1 Pin=J4-09
Added Pin To Net: NetName=GND Pin=J4-10
Added Pin To Net: NetName=AN2 Pin=J4-11
Added Pin To Net: NetName=GPIO4 Pin=J4-12
Added Pin To Net: NetName=GND Pin=J4-13
Added Pin To Net: NetName=GPIO7/CS1 Pin=J4-14
Added Pin To Net: NetName=AN2 Pin=J4-15
Added Pin To Net: NetName=GPIO2/I2C-SDA Pin=J4-16
Added Pin To Net: NetName=ADC1 Pin=J4-17
Added Pin To Net: NetName=3V3 Pin=J4-18
Added Pin To Net: NetName=GND Pin=J4-19
Added Pin To Net: NetName=GPIO2/I2C-SDA Pin=J4-20
Added Pin To Net: NetName=AN2 Pin=J4-21
Added Pin To Net: NetName=GPIO2/I2C-SDA Pin=J4-22
Added Pin To Net: NetName=GPIO7/CS1 Pin=J4-23
Added Pin To Net: NetName=GPIO2/I2C-SDA Pin=J4-24
Added Pin To Net: NetName=GPIO7/CS1 Pin=J4-25
Added Pin To Net: NetName=GND Pin=J4-26
Added Pin To Net: NetName=GND Pin=J4-29
Added Pin To Net: NetName=GPIO2/I2C-SDA Pin=J4-30
Added Pin To Net: NetName=GPIO4 Pin=J4-31
Added Pin To Net: NetName=GPIO4 Pin=J4-32
Added Pin To Net: NetName=GND Pin=J4-33
Added Pin To Net: NetName=GPIO4 Pin=J4-34
Added Pin To Net: NetName=GPIO4 Pin=J4-35
Added Pin To Net: NetName=GPIO20/FAN Pin=J4-37
Added Pin To Net: NetName=GPIO26 Pin=J4-38
Added Pin To Net: NetName=GND Pin=J4-40
Added Pin To Net: NetName=AN1 Pin=MB1-1
Added Pin To Net: NetName=GPIO2/I2C-SDA Pin=MB1-2
Added Pin To Net: NetName=GPIO7/CS1 Pin=MB1-3
Added Pin To Net: NetName=GPIO2/I2C-SDA Pin=MB1-4
Added Pin To Net: NetName=GPIO2/I2C-SDA Pin=MB1-5
Added Pin To Net: NetName=GPIO2/I2C-SDA Pin=MB1-6
Added Pin To Net: NetName=3V3 Pin=MB1-7
Added Pin To Net: NetName=GND Pin=MB1-8
Added Pin To Net: NetName=GND Pin=MB1-9
Added Pin To Net: NetName=GPIO2/I2C-SDA Pin=MB1-11
Added Pin To Net: NetName=GPIO2/I2C-SDA Pin=MB1-12
Added Pin To Net: NetName=GPIO2/I2C-SDA Pin=MB1-13
Added Pin To Net: NetName=GPIO7/CS1 Pin=MB1-14
Added Pin To Net: NetName=GPIO4 Pin=MB1-15
Added Pin To Net: NetName=AN2 Pin=MB1-16
Added Pin To Net: NetName=AN2 Pin=MB2-1
Added Pin To Net: NetName=GPIO4 Pin=MB2-2
Added Pin To Net: NetName=GPIO7/CS1 Pin=MB2-3
Added Pin To Net: NetName=GPIO2/I2C-SDA Pin=MB2-4
Added Pin To Net: NetName=GPIO2/I2C-SDA Pin=MB2-5
Added Pin To Net: NetName=GPIO2/I2C-SDA Pin=MB2-6
Added Pin To Net: NetName=3V3 Pin=MB2-7
Added Pin To Net: NetName=GND Pin=MB2-8
Added Pin To Net: NetName=GND Pin=MB2-9
Added Pin To Net: NetName=GPIO2/I2C-SDA Pin=MB2-11
Added Pin To Net: NetName=GPIO2/I2C-SDA Pin=MB2-12
Added Pin To Net: NetName=GPIO2/I2C-SDA Pin=MB2-13
Added Pin To Net: NetName=GPIO7/CS1 Pin=MB2-14
Added Pin To Net: NetName=GPIO26 Pin=MB2-15
Added Pin To Net: NetName=GPIO4 Pin=MB2-16
Added Pin To Net: NetName=AN3 Pin=MB3-1
Added Pin To Net: NetName=GPIO4 Pin=MB3-2
Added Pin To Net: NetName=GPIO2/I2C-SDA Pin=MB3-3
Added Pin To Net: NetName=GPIO7/CS1 Pin=MB3-4
Added Pin To Net: NetName=AN2 Pin=MB3-5
Added Pin To Net: NetName=GPIO7/CS1 Pin=MB3-6
Added Pin To Net: NetName=GPIO2/I2C-SDA Pin=MB3-7
Added Pin To Net: NetName=GPIO2/I2C-SDA Pin=MB3-8
Added Pin To Net: NetName=GPIO2/I2C-SDA Pin=MB3-9
Added Pin To Net: NetName=GPIO2/I2C-SDA Pin=MB3-10
Added Pin To Net: NetName=GPIO2/I2C-SDA Pin=MB3-11
Added Pin To Net: NetName=GPIO2/I2C-SDA Pin=MB3-12
Added Pin To Net: NetName=3V3 Pin=MB3-13
Added Pin To Net: NetName=GND Pin=MB3-15
Added Pin To Net: NetName=GND Pin=MB3-16
Added Pin To Net: NetName=NetQ1_1 Pin=Q1-1
Added Pin To Net: NetName=GND Pin=Q1-2
Added Pin To Net: NetName=GPIO2/I2C-SDA Pin=R1-1
Added Pin To Net: NetName=3V3 Pin=R1-2
Added Pin To Net: NetName=GPIO2/I2C-SDA Pin=R2-1
Added Pin To Net: NetName=3V3 Pin=R2-2
Added Pin To Net: NetName=NetQ1_1 Pin=R4-1
Added Pin To Net: NetName=GPIO20/FAN Pin=R4-2
Added Pin To Net: NetName=NetQ1_1 Pin=R5-1
Added Pin To Net: NetName=GND Pin=R5-2
Added Pin To Net: NetName=GND Pin=TP1-1
Added Pin To Net: NetName=ADDR Pin=U1-1
Added Pin To Net: NetName=SPIO25/DRDY Pin=U1-2
Added Pin To Net: NetName=GND Pin=U1-3
Added Pin To Net: NetName=ADC0 Pin=U1-4
Added Pin To Net: NetName=ADC1 Pin=U1-5
Added Pin To Net: NetName=ADC2 Pin=U1-6
Added Pin To Net: NetName=3V3 Pin=U1-8
Added Pin To Net: NetName=GPIO2/I2C-SDA Pin=U1-9
Added Pin To Net: NetName=GPIO2/I2C-SDA Pin=U1-10
Added Pin To Net: NetName=5V Pin=BAT43W-7-F-2
Added Pin To Net: NetName=5V Pin=C2-2
Added Pin To Net: NetName=5V Pin=J4-01
Added Pin To Net: NetName=5V Pin=J4-03
Added Pin To Net: NetName=5V Pin=MB1-10
Added Pin To Net: NetName=5V Pin=MB2-10
Added Pin To Net: NetName=5V Pin=MB3-14
Added Net: Name=5V
Added Pin To Net: NetName=NetBAT43W-7-F_1 Pin=BAT43W-7-F-1
Added Pin To Net: NetName=NetBAT43W-7-F_1 Pin=Q1-3
Added Net: Name=NetBAT43W-7-F_1
Added Member To Class: ClassName=NGUYENLY Member=Component *? JP2
Added Member To Class: ClassName=NGUYENLY Member=Component *? JP
Added Member To Class: ClassName=NGUYENLY Member=Component *? JP3
Added Member To Class: ClassName=NGUYENLY Member=Component * JP1
Added Member To Class: ClassName=NGUYENLY Member=Component BAT43W-7-F D1
Added Member To Class: ClassName=NGUYENLY Member=Component C1 0.1uF
Added Member To Class: ClassName=NGUYENLY Member=Component C2 0.1uF
Added Member To Class: ClassName=NGUYENLY Member=Component FAN1 MF30101V1-1000U-A99
Added Member To Class: ClassName=NGUYENLY Member=Component J4 SSW-120-22-X-D-VS
Added Member To Class: ClassName=NGUYENLY Member=Component MB1 MIKROBUS HOST CONN TH 16
Added Member To Class: ClassName=NGUYENLY Member=Component MB2 MIKROBUS HOST CONN TH 16
Added Member To Class: ClassName=NGUYENLY Member=Component MB3 SAMTEC-HTST-108-01-X-DV
Added Member To Class: ClassName=NGUYENLY Member=Component Q1 DMG3420U-7
Added Member To Class: ClassName=NGUYENLY Member=Component R1 10K
Added Member To Class: ClassName=NGUYENLY Member=Component R2 10K
Added Member To Class: ClassName=NGUYENLY Member=Component R4 100
Added Member To Class: ClassName=NGUYENLY Member=Component R5 100K
Added Member To Class: ClassName=NGUYENLY Member=Component TP1 S2761-46R
Added Member To Class: ClassName=NGUYENLY Member=Component U1 ADS1115IDGSG
Added Room: Name=NGUYENLY
