Removed Pin From Net: NetName=RST Pin=COM1-2
Removed Pin From Net: NetName=SCL Pin=COM1-7
Removed Pin From Net: NetName=5DC Pin=COM1-8
Removed Pin From Net: NetName=RST Pin=COM2-2
Removed Pin From Net: NetName=INT Pin=COM2-3
Removed Pin From Net: NetName=SCL Pin=COM2-7
Removed Pin From Net: NetName=5DC Pin=COM2-8
Removed Pin From Net: NetName=INT Pin=P1-7
Removed Pin From Net: NetName=INT Pin=P2-7
Removed Pin From Net: NetName=INT Pin=U1-26
Added Pin To Net: NetName=SCL Pin=COM1-2
Added Pin To Net: NetName=RST Pin=COM1-8
Added Pin To Net: NetName=5DC Pin=COM2-1
Change Net Name : Old Net Name=INT New Net Name=SDA
Added Pin To Net: NetName=INT Pin=COM1-7
Added Pin To Net: NetName=INT Pin=P1-7
Added Pin To Net: NetName=INT Pin=P2-7
Added Pin To Net: NetName=INT Pin=U1-26
Added Net: Name=INT
Added Room: Name=NguyenLi
