Added Component: Designator=C1(CAPC-0603 (1608))
Add component (AddParameter): Name = "Category"; Value = "CAPACITOR"; VariantName = "[No Variations]"
Add component (AddParameter): Name = "CompanyID"; Value = "VT-00982"; VariantName = "[No Variations]"
Add component (AddParameter): Name = "MFR"; Value = ""; VariantName = "[No Variations]"
Add component (AddParameter): Name = "MFR_URL"; Value = ""; VariantName = "[No Variations]"
Add component (AddParameter): Name = "MPN"; Value = "C0603C104K5RACTU"; VariantName = "[No Variations]"
Add component (AddParameter): Name = "PinCount"; Value = "2"; VariantName = "[No Variations]"
Add component (AddParameter): Name = "Solder"; Value = "SMT"; VariantName = "[No Variations]"
Add component (AddParameter): Name = "Value"; Value = "104/50V"; VariantName = "[No Variations]"
Added Component: Designator=C2(CAPC-0603 (1608))
Add component (AddParameter): Name = "Category"; Value = "CAPACITOR"; VariantName = "[No Variations]"
Add component (AddParameter): Name = "CompanyID"; Value = "VT-00982"; VariantName = "[No Variations]"
Add component (AddParameter): Name = "MFR"; Value = ""; VariantName = "[No Variations]"
Add component (AddParameter): Name = "MFR_URL"; Value = ""; VariantName = "[No Variations]"
Add component (AddParameter): Name = "MPN"; Value = "C0603C104K5RACTU"; VariantName = "[No Variations]"
Add component (AddParameter): Name = "PinCount"; Value = "2"; VariantName = "[No Variations]"
Add component (AddParameter): Name = "Solder"; Value = "SMT"; VariantName = "[No Variations]"
Add component (AddParameter): Name = "Value"; Value = "104/50V"; VariantName = "[No Variations]"
Added Component: Designator=C3(CAPC-0603 (1608))
Add component (AddParameter): Name = "Category"; Value = "CAPACITOR"; VariantName = "[No Variations]"
Add component (AddParameter): Name = "CompanyID"; Value = "VT-00982"; VariantName = "[No Variations]"
Add component (AddParameter): Name = "MFR"; Value = ""; VariantName = "[No Variations]"
Add component (AddParameter): Name = "MFR_URL"; Value = ""; VariantName = "[No Variations]"
Add component (AddParameter): Name = "MPN"; Value = "C0603C104K5RACTU"; VariantName = "[No Variations]"
Add component (AddParameter): Name = "PinCount"; Value = "2"; VariantName = "[No Variations]"
Add component (AddParameter): Name = "Solder"; Value = "SMT"; VariantName = "[No Variations]"
Add component (AddParameter): Name = "Value"; Value = "104/50V"; VariantName = "[No Variations]"
Added Component: Designator=C4(CAPC-0603 (1608))
Add component (AddParameter): Name = "Category"; Value = "CAPACITOR"; VariantName = "[No Variations]"
Add component (AddParameter): Name = "CompanyID"; Value = "VT-00982"; VariantName = "[No Variations]"
Add component (AddParameter): Name = "MFR"; Value = ""; VariantName = "[No Variations]"
Add component (AddParameter): Name = "MFR_URL"; Value = ""; VariantName = "[No Variations]"
Add component (AddParameter): Name = "MPN"; Value = "C0603C104K5RACTU"; VariantName = "[No Variations]"
Add component (AddParameter): Name = "PinCount"; Value = "2"; VariantName = "[No Variations]"
Add component (AddParameter): Name = "Solder"; Value = "SMT"; VariantName = "[No Variations]"
Add component (AddParameter): Name = "Value"; Value = "104/50V"; VariantName = "[No Variations]"
Added Component: Designator=C5(CAPC-0603 (1608))
Add component (AddParameter): Name = "Category"; Value = "CAPACITOR"; VariantName = "[No Variations]"
Add component (AddParameter): Name = "CompanyID"; Value = "VT-00982"; VariantName = "[No Variations]"
Add component (AddParameter): Name = "MFR"; Value = ""; VariantName = "[No Variations]"
Add component (AddParameter): Name = "MFR_URL"; Value = ""; VariantName = "[No Variations]"
Add component (AddParameter): Name = "MPN"; Value = "C0603C104K5RACTU"; VariantName = "[No Variations]"
Add component (AddParameter): Name = "PinCount"; Value = "2"; VariantName = "[No Variations]"
Add component (AddParameter): Name = "Solder"; Value = "SMT"; VariantName = "[No Variations]"
Add component (AddParameter): Name = "Value"; Value = "104/50V"; VariantName = "[No Variations]"
Added Component: Designator=C6(CAPC-0603 (1608))
Add component (AddParameter): Name = "Category"; Value = "CAPACITOR"; VariantName = "[No Variations]"
Add component (AddParameter): Name = "CompanyID"; Value = "VT-00982"; VariantName = "[No Variations]"
Add component (AddParameter): Name = "MFR"; Value = ""; VariantName = "[No Variations]"
Add component (AddParameter): Name = "MFR_URL"; Value = ""; VariantName = "[No Variations]"
Add component (AddParameter): Name = "MPN"; Value = "C0603C104K5RACTU"; VariantName = "[No Variations]"
Add component (AddParameter): Name = "PinCount"; Value = "2"; VariantName = "[No Variations]"
Add component (AddParameter): Name = "Solder"; Value = "SMT"; VariantName = "[No Variations]"
Add component (AddParameter): Name = "Value"; Value = "104/50V"; VariantName = "[No Variations]"
Added Component: Designator=C7(CAPC-0603 (1608))
Add component (AddParameter): Name = "Category"; Value = "CAPACITOR"; VariantName = "[No Variations]"
Add component (AddParameter): Name = "CompanyID"; Value = "VT-00982"; VariantName = "[No Variations]"
Add component (AddParameter): Name = "MFR"; Value = ""; VariantName = "[No Variations]"
Add component (AddParameter): Name = "MFR_URL"; Value = ""; VariantName = "[No Variations]"
Add component (AddParameter): Name = "MPN"; Value = "C0603C104K5RACTU"; VariantName = "[No Variations]"
Add component (AddParameter): Name = "PinCount"; Value = "2"; VariantName = "[No Variations]"
Add component (AddParameter): Name = "Solder"; Value = "SMT"; VariantName = "[No Variations]"
Add component (AddParameter): Name = "Value"; Value = "104/50V"; VariantName = "[No Variations]"
Added Component: Designator=C8(CAPC-0603 (1608))
Add component (AddParameter): Name = "Category"; Value = "CAPACITOR"; VariantName = "[No Variations]"
Add component (AddParameter): Name = "CompanyID"; Value = "VT-00982"; VariantName = "[No Variations]"
Add component (AddParameter): Name = "MFR"; Value = ""; VariantName = "[No Variations]"
Add component (AddParameter): Name = "MFR_URL"; Value = ""; VariantName = "[No Variations]"
Add component (AddParameter): Name = "MPN"; Value = "C0603C104K5RACTU"; VariantName = "[No Variations]"
Add component (AddParameter): Name = "PinCount"; Value = "2"; VariantName = "[No Variations]"
Add component (AddParameter): Name = "Solder"; Value = "SMT"; VariantName = "[No Variations]"
Add component (AddParameter): Name = "Value"; Value = "104/50V"; VariantName = "[No Variations]"
Added Component: Designator=C9(CAPC-0603 (1608))
Add component (AddParameter): Name = "Category"; Value = "CAPACITOR"; VariantName = "[No Variations]"
Add component (AddParameter): Name = "CompanyID"; Value = "VT-00982"; VariantName = "[No Variations]"
Add component (AddParameter): Name = "MFR"; Value = ""; VariantName = "[No Variations]"
Add component (AddParameter): Name = "MFR_URL"; Value = ""; VariantName = "[No Variations]"
Add component (AddParameter): Name = "MPN"; Value = "C0603C104K5RACTU"; VariantName = "[No Variations]"
Add component (AddParameter): Name = "PinCount"; Value = "2"; VariantName = "[No Variations]"
Add component (AddParameter): Name = "Solder"; Value = "SMT"; VariantName = "[No Variations]"
Add component (AddParameter): Name = "Value"; Value = "104/50V"; VariantName = "[No Variations]"
Added Component: Designator=C10(CAPC-0603 (1608))
Add component (AddParameter): Name = "Category"; Value = "CAPACITOR"; VariantName = "[No Variations]"
Add component (AddParameter): Name = "CompanyID"; Value = "VT-00982"; VariantName = "[No Variations]"
Add component (AddParameter): Name = "MFR"; Value = ""; VariantName = "[No Variations]"
Add component (AddParameter): Name = "MFR_URL"; Value = ""; VariantName = "[No Variations]"
Add component (AddParameter): Name = "MPN"; Value = "C0603C104K5RACTU"; VariantName = "[No Variations]"
Add component (AddParameter): Name = "PinCount"; Value = "2"; VariantName = "[No Variations]"
Add component (AddParameter): Name = "Solder"; Value = "SMT"; VariantName = "[No Variations]"
Add component (AddParameter): Name = "Value"; Value = "104/50V"; VariantName = "[No Variations]"
Added Component: Designator=C11(CAPC-0603 (1608))
Add component (AddParameter): Name = "Category"; Value = "CAPACITOR"; VariantName = "[No Variations]"
Add component (AddParameter): Name = "CompanyID"; Value = "VT-00982"; VariantName = "[No Variations]"
Add component (AddParameter): Name = "MFR"; Value = ""; VariantName = "[No Variations]"
Add component (AddParameter): Name = "MFR_URL"; Value = ""; VariantName = "[No Variations]"
Add component (AddParameter): Name = "MPN"; Value = "C0603C104K5RACTU"; VariantName = "[No Variations]"
Add component (AddParameter): Name = "PinCount"; Value = "2"; VariantName = "[No Variations]"
Add component (AddParameter): Name = "Solder"; Value = "SMT"; VariantName = "[No Variations]"
Add component (AddParameter): Name = "Value"; Value = "104/50V"; VariantName = "[No Variations]"
Added Component: Designator=C12(CAPC-0603 (1608))
Add component (AddParameter): Name = "Category"; Value = "CAPACITOR"; VariantName = "[No Variations]"
Add component (AddParameter): Name = "CompanyID"; Value = "VT-00982"; VariantName = "[No Variations]"
Add component (AddParameter): Name = "MFR"; Value = ""; VariantName = "[No Variations]"
Add component (AddParameter): Name = "MFR_URL"; Value = ""; VariantName = "[No Variations]"
Add component (AddParameter): Name = "MPN"; Value = "C0603C104K5RACTU"; VariantName = "[No Variations]"
Add component (AddParameter): Name = "PinCount"; Value = "2"; VariantName = "[No Variations]"
Add component (AddParameter): Name = "Solder"; Value = "SMT"; VariantName = "[No Variations]"
Add component (AddParameter): Name = "Value"; Value = "104/50V"; VariantName = "[No Variations]"
Added Component: Designator=C13(CAPC-0603 (1608))
Add component (AddParameter): Name = "Category"; Value = "CAPACITOR"; VariantName = "[No Variations]"
Add component (AddParameter): Name = "CompanyID"; Value = "VT-00982"; VariantName = "[No Variations]"
Add component (AddParameter): Name = "MFR"; Value = ""; VariantName = "[No Variations]"
Add component (AddParameter): Name = "MFR_URL"; Value = ""; VariantName = "[No Variations]"
Add component (AddParameter): Name = "MPN"; Value = "C0603C104K5RACTU"; VariantName = "[No Variations]"
Add component (AddParameter): Name = "PinCount"; Value = "2"; VariantName = "[No Variations]"
Add component (AddParameter): Name = "Solder"; Value = "SMT"; VariantName = "[No Variations]"
Add component (AddParameter): Name = "Value"; Value = "104/50V"; VariantName = "[No Variations]"
Added Component: Designator=C14(CAPC-0603 (1608))
Add component (AddParameter): Name = "Category"; Value = "CAPACITOR"; VariantName = "[No Variations]"
Add component (AddParameter): Name = "CompanyID"; Value = "VT-00982"; VariantName = "[No Variations]"
Add component (AddParameter): Name = "MFR"; Value = ""; VariantName = "[No Variations]"
Add component (AddParameter): Name = "MFR_URL"; Value = ""; VariantName = "[No Variations]"
Add component (AddParameter): Name = "MPN"; Value = "C0603C104K5RACTU"; VariantName = "[No Variations]"
Add component (AddParameter): Name = "PinCount"; Value = "2"; VariantName = "[No Variations]"
Add component (AddParameter): Name = "Solder"; Value = "SMT"; VariantName = "[No Variations]"
Add component (AddParameter): Name = "Value"; Value = "104/50V"; VariantName = "[No Variations]"
Added Component: Designator=C15(CAPC-0603 (1608))
Add component (AddParameter): Name = "Category"; Value = "CAPACITOR"; VariantName = "[No Variations]"
Add component (AddParameter): Name = "CompanyID"; Value = "VT-00982"; VariantName = "[No Variations]"
Add component (AddParameter): Name = "MFR"; Value = ""; VariantName = "[No Variations]"
Add component (AddParameter): Name = "MFR_URL"; Value = ""; VariantName = "[No Variations]"
Add component (AddParameter): Name = "MPN"; Value = "C0603C104K5RACTU"; VariantName = "[No Variations]"
Add component (AddParameter): Name = "PinCount"; Value = "2"; VariantName = "[No Variations]"
Add component (AddParameter): Name = "Solder"; Value = "SMT"; VariantName = "[No Variations]"
Add component (AddParameter): Name = "Value"; Value = "104/50V"; VariantName = "[No Variations]"
Added Component: Designator=C16(CAPC-0603 (1608))
Add component (AddParameter): Name = "Category"; Value = "CAPACITOR"; VariantName = "[No Variations]"
Add component (AddParameter): Name = "CompanyID"; Value = "VT-00982"; VariantName = "[No Variations]"
Add component (AddParameter): Name = "MFR"; Value = ""; VariantName = "[No Variations]"
Add component (AddParameter): Name = "MFR_URL"; Value = ""; VariantName = "[No Variations]"
Add component (AddParameter): Name = "MPN"; Value = "C0603C104K5RACTU"; VariantName = "[No Variations]"
Add component (AddParameter): Name = "PinCount"; Value = "2"; VariantName = "[No Variations]"
Add component (AddParameter): Name = "Solder"; Value = "SMT"; VariantName = "[No Variations]"
Add component (AddParameter): Name = "Value"; Value = "104/50V"; VariantName = "[No Variations]"
Added Component: Designator=C17(CAPC-0603 (1608))
Add component (AddParameter): Name = "Category"; Value = "CAPACITOR"; VariantName = "[No Variations]"
Add component (AddParameter): Name = "CompanyID"; Value = "VT-00982"; VariantName = "[No Variations]"
Add component (AddParameter): Name = "MFR"; Value = ""; VariantName = "[No Variations]"
Add component (AddParameter): Name = "MFR_URL"; Value = ""; VariantName = "[No Variations]"
Add component (AddParameter): Name = "MPN"; Value = "C0603C104K5RACTU"; VariantName = "[No Variations]"
Add component (AddParameter): Name = "PinCount"; Value = "2"; VariantName = "[No Variations]"
Add component (AddParameter): Name = "Solder"; Value = "SMT"; VariantName = "[No Variations]"
Add component (AddParameter): Name = "Value"; Value = "104/50V"; VariantName = "[No Variations]"
Added Component: Designator=C18(CAPC-0603 (1608))
Add component (AddParameter): Name = "Category"; Value = "CAPACITOR"; VariantName = "[No Variations]"
Add component (AddParameter): Name = "CompanyID"; Value = "VT-00982"; VariantName = "[No Variations]"
Add component (AddParameter): Name = "MFR"; Value = ""; VariantName = "[No Variations]"
Add component (AddParameter): Name = "MFR_URL"; Value = ""; VariantName = "[No Variations]"
Add component (AddParameter): Name = "MPN"; Value = "C0603C104K5RACTU"; VariantName = "[No Variations]"
Add component (AddParameter): Name = "PinCount"; Value = "2"; VariantName = "[No Variations]"
Add component (AddParameter): Name = "Solder"; Value = "SMT"; VariantName = "[No Variations]"
Add component (AddParameter): Name = "Value"; Value = "104/50V"; VariantName = "[No Variations]"
Added Component: Designator=C19(CAPC-0603 (1608))
Add component (AddParameter): Name = "Category"; Value = "CAPACITOR"; VariantName = "[No Variations]"
Add component (AddParameter): Name = "CompanyID"; Value = "VT-00982"; VariantName = "[No Variations]"
Add component (AddParameter): Name = "MFR"; Value = ""; VariantName = "[No Variations]"
Add component (AddParameter): Name = "MFR_URL"; Value = ""; VariantName = "[No Variations]"
Add component (AddParameter): Name = "MPN"; Value = "C0603C104K5RACTU"; VariantName = "[No Variations]"
Add component (AddParameter): Name = "PinCount"; Value = "2"; VariantName = "[No Variations]"
Add component (AddParameter): Name = "Solder"; Value = "SMT"; VariantName = "[No Variations]"
Add component (AddParameter): Name = "Value"; Value = "104/50V"; VariantName = "[No Variations]"
Added Component: Designator=C20(CAPC-0603 (1608))
Add component (AddParameter): Name = "Category"; Value = "CAPACITOR"; VariantName = "[No Variations]"
Add component (AddParameter): Name = "CompanyID"; Value = "VT-00982"; VariantName = "[No Variations]"
Add component (AddParameter): Name = "MFR"; Value = ""; VariantName = "[No Variations]"
Add component (AddParameter): Name = "MFR_URL"; Value = ""; VariantName = "[No Variations]"
Add component (AddParameter): Name = "MPN"; Value = "C0603C104K5RACTU"; VariantName = "[No Variations]"
Add component (AddParameter): Name = "PinCount"; Value = "2"; VariantName = "[No Variations]"
Add component (AddParameter): Name = "Solder"; Value = "SMT"; VariantName = "[No Variations]"
Add component (AddParameter): Name = "Value"; Value = "104/50V"; VariantName = "[No Variations]"
Added Component: Designator=C21(CAP_ALUM_D050_S20_H110)
Add component (AddParameter): Name = "Category"; Value = "CAPACITOR"; VariantName = "[No Variations]"
Add component (AddParameter): Name = "CompanyID"; Value = "VT-00054"; VariantName = "[No Variations]"
Add component (AddParameter): Name = "MFR"; Value = ""; VariantName = "[No Variations]"
Add component (AddParameter): Name = "MFR_URL"; Value = ""; VariantName = "[No Variations]"
Add component (AddParameter): Name = "MPN"; Value = "106CKR050M"; VariantName = "[No Variations]"
Add component (AddParameter): Name = "PinCount"; Value = "2"; VariantName = "[No Variations]"
Add component (AddParameter): Name = "Solder"; Value = "WAVE"; VariantName = "[No Variations]"
Add component (AddParameter): Name = "Value"; Value = "106/50V"; VariantName = "[No Variations]"
Added Component: Designator=COM1(DSB 9-F)
Add component (AddParameter): Name = "DatasheetDocument"; Value = "1-Sep-1999"; VariantName = "[No Variations]"
Add component (AddParameter): Name = "Gender"; Value = "Receptacle"; VariantName = "[No Variations]"
Add component (AddParameter): Name = "LatestRevisionDate"; Value = "17-Jul-2002"; VariantName = "[No Variations]"
Add component (AddParameter): Name = "LatestRevisionNote"; Value = "Re-released for DXP Platform."; VariantName = "[No Variations]"
Add component (AddParameter): Name = "Orientation"; Value = "Right Angle"; VariantName = "[No Variations]"
Add component (AddParameter): Name = "PackageDocument"; Value = "O"; VariantName = "[No Variations]"
Add component (AddParameter): Name = "PackageReference"; Value = "788750"; VariantName = "[No Variations]"
Add component (AddParameter): Name = "Positions"; Value = "9"; VariantName = "[No Variations]"
Add component (AddParameter): Name = "Published"; Value = "15-Jun-2001"; VariantName = "[No Variations]"
Add component (AddParameter): Name = "Publisher"; Value = "Altium Limited"; VariantName = "[No Variations]"
Add component (AddParameter): Name = "Value"; Value = "COM 9"; VariantName = "[No Variations]"
Added Component: Designator=COM2(DSB 9-F)
Add component (AddParameter): Name = "DatasheetDocument"; Value = "1-Sep-1999"; VariantName = "[No Variations]"
Add component (AddParameter): Name = "Gender"; Value = "Receptacle"; VariantName = "[No Variations]"
Add component (AddParameter): Name = "LatestRevisionDate"; Value = "17-Jul-2002"; VariantName = "[No Variations]"
Add component (AddParameter): Name = "LatestRevisionNote"; Value = "Re-released for DXP Platform."; VariantName = "[No Variations]"
Add component (AddParameter): Name = "Orientation"; Value = "Right Angle"; VariantName = "[No Variations]"
Add component (AddParameter): Name = "PackageDocument"; Value = "O"; VariantName = "[No Variations]"
Add component (AddParameter): Name = "PackageReference"; Value = "788750"; VariantName = "[No Variations]"
Add component (AddParameter): Name = "Positions"; Value = "9"; VariantName = "[No Variations]"
Add component (AddParameter): Name = "Published"; Value = "15-Jun-2001"; VariantName = "[No Variations]"
Add component (AddParameter): Name = "Publisher"; Value = "Altium Limited"; VariantName = "[No Variations]"
Add component (AddParameter): Name = "Value"; Value = "COM 9"; VariantName = "[No Variations]"
Added Component: Designator=D1(LED_0805_RED)
Add component (AddParameter): Name = "Category"; Value = ""; VariantName = "[No Variations]"
Add component (AddParameter): Name = "CompanyID"; Value = "VT-00379"; VariantName = "[No Variations]"
Add component (AddParameter): Name = "MFR"; Value = ""; VariantName = "[No Variations]"
Add component (AddParameter): Name = "MPN"; Value = "17-215SURC/S530-A3/TR8"; VariantName = "[No Variations]"
Add component (AddParameter): Name = "PinCount"; Value = ""; VariantName = "[No Variations]"
Add component (AddParameter): Name = "Solder"; Value = "SMT"; VariantName = "[No Variations]"
Add component (AddParameter): Name = "Value"; Value = "2V/20mA"; VariantName = "[No Variations]"
Added Component: Designator=F1(FUSE_1812(4532))
Add component (AddParameter): Name = "CompanyID"; Value = "VT-00870"; VariantName = "[No Variations]"
Add component (AddParameter): Name = "MPN"; Value = "1812L150/24MR"; VariantName = "[No Variations]"
Add component (AddParameter): Name = "Solder"; Value = "SMT"; VariantName = "[No Variations]"
Add component (AddParameter): Name = "Value"; Value = "24V/1.5A"; VariantName = "[No Variations]"
Added Component: Designator=J1(RJ45-8PIN_18MM_NO_TRANSFORMER)
Add component (AddParameter): Name = "CompanyID"; Value = ""; VariantName = "[No Variations]"
Add component (AddParameter): Name = "MFR"; Value = ""; VariantName = "[No Variations]"
Add component (AddParameter): Name = "MFR_URL"; Value = ""; VariantName = "[No Variations]"
Add component (AddParameter): Name = "MPN"; Value = ""; VariantName = "[No Variations]"
Add component (AddParameter): Name = "Solder"; Value = "WAVE"; VariantName = "[No Variations]"
Add component (AddParameter): Name = "Value"; Value = ""; VariantName = "[No Variations]"
Added Component: Designator=J2(RJ45-8PIN_18MM_NO_TRANSFORMER)
Add component (AddParameter): Name = "CompanyID"; Value = ""; VariantName = "[No Variations]"
Add component (AddParameter): Name = "MFR"; Value = ""; VariantName = "[No Variations]"
Add component (AddParameter): Name = "MFR_URL"; Value = ""; VariantName = "[No Variations]"
Add component (AddParameter): Name = "MPN"; Value = ""; VariantName = "[No Variations]"
Add component (AddParameter): Name = "Solder"; Value = "WAVE"; VariantName = "[No Variations]"
Add component (AddParameter): Name = "Value"; Value = ""; VariantName = "[No Variations]"
Added Component: Designator=J3(RJ45-8PIN_18MM_NO_TRANSFORMER)
Add component (AddParameter): Name = "CompanyID"; Value = ""; VariantName = "[No Variations]"
Add component (AddParameter): Name = "MFR"; Value = ""; VariantName = "[No Variations]"
Add component (AddParameter): Name = "MFR_URL"; Value = ""; VariantName = "[No Variations]"
Add component (AddParameter): Name = "MPN"; Value = ""; VariantName = "[No Variations]"
Add component (AddParameter): Name = "Solder"; Value = "WAVE"; VariantName = "[No Variations]"
Add component (AddParameter): Name = "Value"; Value = ""; VariantName = "[No Variations]"
Added Component: Designator=J4(RJ45-8PIN_18MM_NO_TRANSFORMER)
Add component (AddParameter): Name = "CompanyID"; Value = ""; VariantName = "[No Variations]"
Add component (AddParameter): Name = "MFR"; Value = ""; VariantName = "[No Variations]"
Add component (AddParameter): Name = "MFR_URL"; Value = ""; VariantName = "[No Variations]"
Add component (AddParameter): Name = "MPN"; Value = ""; VariantName = "[No Variations]"
Add component (AddParameter): Name = "Solder"; Value = "WAVE"; VariantName = "[No Variations]"
Add component (AddParameter): Name = "Value"; Value = ""; VariantName = "[No Variations]"
Added Component: Designator=J5(RJ45-8PIN_18MM_NO_TRANSFORMER)
Add component (AddParameter): Name = "CompanyID"; Value = ""; VariantName = "[No Variations]"
Add component (AddParameter): Name = "MFR"; Value = ""; VariantName = "[No Variations]"
Add component (AddParameter): Name = "MFR_URL"; Value = ""; VariantName = "[No Variations]"
Add component (AddParameter): Name = "MPN"; Value = ""; VariantName = "[No Variations]"
Add component (AddParameter): Name = "Solder"; Value = "WAVE"; VariantName = "[No Variations]"
Add component (AddParameter): Name = "Value"; Value = ""; VariantName = "[No Variations]"
Added Component: Designator=J6(RJ45-8PIN_18MM_NO_TRANSFORMER)
Add component (AddParameter): Name = "CompanyID"; Value = ""; VariantName = "[No Variations]"
Add component (AddParameter): Name = "MFR"; Value = ""; VariantName = "[No Variations]"
Add component (AddParameter): Name = "MFR_URL"; Value = ""; VariantName = "[No Variations]"
Add component (AddParameter): Name = "MPN"; Value = ""; VariantName = "[No Variations]"
Add component (AddParameter): Name = "Solder"; Value = "WAVE"; VariantName = "[No Variations]"
Add component (AddParameter): Name = "Value"; Value = ""; VariantName = "[No Variations]"
Added Component: Designator=P1(HDR1X8 - W)
Add component (AddParameter): Name = "CompanyID"; Value = ""; VariantName = "[No Variations]"
Add component (AddParameter): Name = "MFR"; Value = ""; VariantName = "[No Variations]"
Add component (AddParameter): Name = "MFR_URL"; Value = ""; VariantName = "[No Variations]"
Add component (AddParameter): Name = "MPN"; Value = ""; VariantName = "[No Variations]"
Add component (AddParameter): Name = "Solder"; Value = "WAVE"; VariantName = "[No Variations]"
Add component (AddParameter): Name = "Value"; Value = "Header 8P_W"; VariantName = "[No Variations]"
Added Component: Designator=P2(HDR1X8 - W)
Add component (AddParameter): Name = "CompanyID"; Value = ""; VariantName = "[No Variations]"
Add component (AddParameter): Name = "MFR"; Value = ""; VariantName = "[No Variations]"
Add component (AddParameter): Name = "MFR_URL"; Value = ""; VariantName = "[No Variations]"
Add component (AddParameter): Name = "MPN"; Value = ""; VariantName = "[No Variations]"
Add component (AddParameter): Name = "Solder"; Value = "WAVE"; VariantName = "[No Variations]"
Add component (AddParameter): Name = "Value"; Value = "Header 8P_W"; VariantName = "[No Variations]"
Added Component: Designator=P3(VH3.96-2P)
Add component (AddParameter): Name = "CompanyID"; Value = ""; VariantName = "[No Variations]"
Add component (AddParameter): Name = "MFR"; Value = ""; VariantName = "[No Variations]"
Add component (AddParameter): Name = "MFR_URL"; Value = ""; VariantName = "[No Variations]"
Add component (AddParameter): Name = "MPN"; Value = "VH3.96-2P"; VariantName = "[No Variations]"
Add component (AddParameter): Name = "Solder"; Value = "WAVE"; VariantName = "[No Variations]"
Add component (AddParameter): Name = "Value"; Value = "Header 2P"; VariantName = "[No Variations]"
Added Component: Designator=R1(RESC-0603 (1608))
Add component (AddParameter): Name = "Category"; Value = "RESISTOR"; VariantName = "[No Variations]"
Add component (AddParameter): Name = "CompanyID"; Value = "VT-00328"; VariantName = "[No Variations]"
Add component (AddParameter): Name = "MFR"; Value = ""; VariantName = "[No Variations]"
Add component (AddParameter): Name = "MFR_URL"; Value = ""; VariantName = "[No Variations]"
Add component (AddParameter): Name = "MPN"; Value = "RC0603FR-0710KL"; VariantName = "[No Variations]"
Add component (AddParameter): Name = "PinCount"; Value = ""; VariantName = "[No Variations]"
Add component (AddParameter): Name = "Solder"; Value = "SMT"; VariantName = "[No Variations]"
Add component (AddParameter): Name = "Value"; Value = "10K"; VariantName = "[No Variations]"
Added Component: Designator=R2(RESC-0603 (1608))
Add component (AddParameter): Name = "Category"; Value = "RESISTOR"; VariantName = "[No Variations]"
Add component (AddParameter): Name = "CompanyID"; Value = "VT-00328"; VariantName = "[No Variations]"
Add component (AddParameter): Name = "MFR"; Value = ""; VariantName = "[No Variations]"
Add component (AddParameter): Name = "MFR_URL"; Value = ""; VariantName = "[No Variations]"
Add component (AddParameter): Name = "MPN"; Value = "RC0603FR-0710KL"; VariantName = "[No Variations]"
Add component (AddParameter): Name = "PinCount"; Value = ""; VariantName = "[No Variations]"
Add component (AddParameter): Name = "Solder"; Value = "SMT"; VariantName = "[No Variations]"
Add component (AddParameter): Name = "Value"; Value = "10K"; VariantName = "[No Variations]"
Added Component: Designator=R3(RESC-0603 (1608))
Add component (AddParameter): Name = "Category"; Value = "RESISTOR"; VariantName = "[No Variations]"
Add component (AddParameter): Name = "CompanyID"; Value = "VT-00328"; VariantName = "[No Variations]"
Add component (AddParameter): Name = "MFR"; Value = ""; VariantName = "[No Variations]"
Add component (AddParameter): Name = "MFR_URL"; Value = ""; VariantName = "[No Variations]"
Add component (AddParameter): Name = "MPN"; Value = "RC0603FR-0710KL"; VariantName = "[No Variations]"
Add component (AddParameter): Name = "PinCount"; Value = ""; VariantName = "[No Variations]"
Add component (AddParameter): Name = "Solder"; Value = "SMT"; VariantName = "[No Variations]"
Add component (AddParameter): Name = "Value"; Value = "10K"; VariantName = "[No Variations]"
Added Component: Designator=R4(RESC-0603 (1608))
Add component (AddParameter): Name = "Category"; Value = "RESISTOR"; VariantName = "[No Variations]"
Add component (AddParameter): Name = "CompanyID"; Value = "VT-00328"; VariantName = "[No Variations]"
Add component (AddParameter): Name = "MFR"; Value = ""; VariantName = "[No Variations]"
Add component (AddParameter): Name = "MFR_URL"; Value = ""; VariantName = "[No Variations]"
Add component (AddParameter): Name = "MPN"; Value = "RC0603FR-0710KL"; VariantName = "[No Variations]"
Add component (AddParameter): Name = "PinCount"; Value = ""; VariantName = "[No Variations]"
Add component (AddParameter): Name = "Solder"; Value = "SMT"; VariantName = "[No Variations]"
Add component (AddParameter): Name = "Value"; Value = "10K"; VariantName = "[No Variations]"
Added Component: Designator=R5(RESC-0603 (1608))
Add component (AddParameter): Name = "Category"; Value = "RESISTOR"; VariantName = "[No Variations]"
Add component (AddParameter): Name = "CompanyID"; Value = "VT-00328"; VariantName = "[No Variations]"
Add component (AddParameter): Name = "MFR"; Value = ""; VariantName = "[No Variations]"
Add component (AddParameter): Name = "MFR_URL"; Value = ""; VariantName = "[No Variations]"
Add component (AddParameter): Name = "MPN"; Value = "RC0603FR-0710KL"; VariantName = "[No Variations]"
Add component (AddParameter): Name = "PinCount"; Value = ""; VariantName = "[No Variations]"
Add component (AddParameter): Name = "Solder"; Value = "SMT"; VariantName = "[No Variations]"
Add component (AddParameter): Name = "Value"; Value = "10K"; VariantName = "[No Variations]"
Added Component: Designator=R6(RESC-0603 (1608))
Add component (AddParameter): Name = "Category"; Value = "RESISTOR"; VariantName = "[No Variations]"
Add component (AddParameter): Name = "CompanyID"; Value = "VT-00328"; VariantName = "[No Variations]"
Add component (AddParameter): Name = "MFR"; Value = ""; VariantName = "[No Variations]"
Add component (AddParameter): Name = "MFR_URL"; Value = ""; VariantName = "[No Variations]"
Add component (AddParameter): Name = "MPN"; Value = "RC0603FR-0710KL"; VariantName = "[No Variations]"
Add component (AddParameter): Name = "PinCount"; Value = ""; VariantName = "[No Variations]"
Add component (AddParameter): Name = "Solder"; Value = "SMT"; VariantName = "[No Variations]"
Add component (AddParameter): Name = "Value"; Value = "10K"; VariantName = "[No Variations]"
Added Component: Designator=R7(RESC-0603 (1608))
Add component (AddParameter): Name = "Category"; Value = "RESISTOR"; VariantName = "[No Variations]"
Add component (AddParameter): Name = "CompanyID"; Value = "VT-00328"; VariantName = "[No Variations]"
Add component (AddParameter): Name = "MFR"; Value = ""; VariantName = "[No Variations]"
Add component (AddParameter): Name = "MFR_URL"; Value = ""; VariantName = "[No Variations]"
Add component (AddParameter): Name = "MPN"; Value = "RC0603FR-0710KL"; VariantName = "[No Variations]"
Add component (AddParameter): Name = "PinCount"; Value = ""; VariantName = "[No Variations]"
Add component (AddParameter): Name = "Solder"; Value = "SMT"; VariantName = "[No Variations]"
Add component (AddParameter): Name = "Value"; Value = "10K"; VariantName = "[No Variations]"
Added Component: Designator=R8(RESC-0603 (1608))
Add component (AddParameter): Name = "Category"; Value = "RESISTOR"; VariantName = "[No Variations]"
Add component (AddParameter): Name = "CompanyID"; Value = "VT-00328"; VariantName = "[No Variations]"
Add component (AddParameter): Name = "MFR"; Value = ""; VariantName = "[No Variations]"
Add component (AddParameter): Name = "MFR_URL"; Value = ""; VariantName = "[No Variations]"
Add component (AddParameter): Name = "MPN"; Value = "RC0603FR-0710KL"; VariantName = "[No Variations]"
Add component (AddParameter): Name = "PinCount"; Value = ""; VariantName = "[No Variations]"
Add component (AddParameter): Name = "Solder"; Value = "SMT"; VariantName = "[No Variations]"
Add component (AddParameter): Name = "Value"; Value = "10K"; VariantName = "[No Variations]"
Added Component: Designator=R9(RESC-0603 (1608))
Add component (AddParameter): Name = "Category"; Value = "RESISTOR"; VariantName = "[No Variations]"
Add component (AddParameter): Name = "CompanyID"; Value = "VT-00328"; VariantName = "[No Variations]"
Add component (AddParameter): Name = "MFR"; Value = ""; VariantName = "[No Variations]"
Add component (AddParameter): Name = "MFR_URL"; Value = ""; VariantName = "[No Variations]"
Add component (AddParameter): Name = "MPN"; Value = "RC0603FR-0710KL"; VariantName = "[No Variations]"
Add component (AddParameter): Name = "PinCount"; Value = ""; VariantName = "[No Variations]"
Add component (AddParameter): Name = "Solder"; Value = "SMT"; VariantName = "[No Variations]"
Add component (AddParameter): Name = "Value"; Value = "10K"; VariantName = "[No Variations]"
Added Component: Designator=R10(RESC-0603 (1608))
Add component (AddParameter): Name = "Category"; Value = "RESISTOR"; VariantName = "[No Variations]"
Add component (AddParameter): Name = "CompanyID"; Value = "VT-00328"; VariantName = "[No Variations]"
Add component (AddParameter): Name = "MFR"; Value = ""; VariantName = "[No Variations]"
Add component (AddParameter): Name = "MFR_URL"; Value = ""; VariantName = "[No Variations]"
Add component (AddParameter): Name = "MPN"; Value = "RC0603FR-0710KL"; VariantName = "[No Variations]"
Add component (AddParameter): Name = "PinCount"; Value = ""; VariantName = "[No Variations]"
Add component (AddParameter): Name = "Solder"; Value = "SMT"; VariantName = "[No Variations]"
Add component (AddParameter): Name = "Value"; Value = "10K"; VariantName = "[No Variations]"
Added Component: Designator=R11(RESC-0603 (1608))
Add component (AddParameter): Name = "Category"; Value = "RESISTOR"; VariantName = "[No Variations]"
Add component (AddParameter): Name = "CompanyID"; Value = "VT-00328"; VariantName = "[No Variations]"
Add component (AddParameter): Name = "MFR"; Value = ""; VariantName = "[No Variations]"
Add component (AddParameter): Name = "MFR_URL"; Value = ""; VariantName = "[No Variations]"
Add component (AddParameter): Name = "MPN"; Value = "RC0603FR-0710KL"; VariantName = "[No Variations]"
Add component (AddParameter): Name = "PinCount"; Value = ""; VariantName = "[No Variations]"
Add component (AddParameter): Name = "Solder"; Value = "SMT"; VariantName = "[No Variations]"
Add component (AddParameter): Name = "Value"; Value = "10K"; VariantName = "[No Variations]"
Added Component: Designator=R12(RESC-0603 (1608))
Add component (AddParameter): Name = "Category"; Value = "RESISTOR"; VariantName = "[No Variations]"
Add component (AddParameter): Name = "CompanyID"; Value = "VT-00328"; VariantName = "[No Variations]"
Add component (AddParameter): Name = "MFR"; Value = ""; VariantName = "[No Variations]"
Add component (AddParameter): Name = "MFR_URL"; Value = ""; VariantName = "[No Variations]"
Add component (AddParameter): Name = "MPN"; Value = "RC0603FR-0710KL"; VariantName = "[No Variations]"
Add component (AddParameter): Name = "PinCount"; Value = ""; VariantName = "[No Variations]"
Add component (AddParameter): Name = "Solder"; Value = "SMT"; VariantName = "[No Variations]"
Add component (AddParameter): Name = "Value"; Value = "10K"; VariantName = "[No Variations]"
Added Component: Designator=R13(RESC-0603 (1608))
Add component (AddParameter): Name = "Category"; Value = "RESISTOR"; VariantName = "[No Variations]"
Add component (AddParameter): Name = "CompanyID"; Value = "VT-00328"; VariantName = "[No Variations]"
Add component (AddParameter): Name = "MFR"; Value = ""; VariantName = "[No Variations]"
Add component (AddParameter): Name = "MFR_URL"; Value = ""; VariantName = "[No Variations]"
Add component (AddParameter): Name = "MPN"; Value = "RC0603FR-0710KL"; VariantName = "[No Variations]"
Add component (AddParameter): Name = "PinCount"; Value = ""; VariantName = "[No Variations]"
Add component (AddParameter): Name = "Solder"; Value = "SMT"; VariantName = "[No Variations]"
Add component (AddParameter): Name = "Value"; Value = "10K"; VariantName = "[No Variations]"
Added Component: Designator=R14(RESC-0603 (1608))
Add component (AddParameter): Name = "Category"; Value = "RESISTOR"; VariantName = "[No Variations]"
Add component (AddParameter): Name = "CompanyID"; Value = "VT-00328"; VariantName = "[No Variations]"
Add component (AddParameter): Name = "MFR"; Value = ""; VariantName = "[No Variations]"
Add component (AddParameter): Name = "MFR_URL"; Value = ""; VariantName = "[No Variations]"
Add component (AddParameter): Name = "MPN"; Value = "RC0603FR-0710KL"; VariantName = "[No Variations]"
Add component (AddParameter): Name = "PinCount"; Value = ""; VariantName = "[No Variations]"
Add component (AddParameter): Name = "Solder"; Value = "SMT"; VariantName = "[No Variations]"
Add component (AddParameter): Name = "Value"; Value = "10K"; VariantName = "[No Variations]"
Added Component: Designator=R15(RESC-0603 (1608))
Add component (AddParameter): Name = "Category"; Value = "RESISTOR"; VariantName = "[No Variations]"
Add component (AddParameter): Name = "CompanyID"; Value = "VT-00328"; VariantName = "[No Variations]"
Add component (AddParameter): Name = "MFR"; Value = ""; VariantName = "[No Variations]"
Add component (AddParameter): Name = "MFR_URL"; Value = ""; VariantName = "[No Variations]"
Add component (AddParameter): Name = "MPN"; Value = "RC0603FR-0710KL"; VariantName = "[No Variations]"
Add component (AddParameter): Name = "PinCount"; Value = ""; VariantName = "[No Variations]"
Add component (AddParameter): Name = "Solder"; Value = "SMT"; VariantName = "[No Variations]"
Add component (AddParameter): Name = "Value"; Value = "10K"; VariantName = "[No Variations]"
Added Component: Designator=R16(RESC-0603 (1608))
Add component (AddParameter): Name = "Category"; Value = "RESISTOR"; VariantName = "[No Variations]"
Add component (AddParameter): Name = "CompanyID"; Value = "VT-00328"; VariantName = "[No Variations]"
Add component (AddParameter): Name = "MFR"; Value = ""; VariantName = "[No Variations]"
Add component (AddParameter): Name = "MFR_URL"; Value = ""; VariantName = "[No Variations]"
Add component (AddParameter): Name = "MPN"; Value = "RC0603FR-0710KL"; VariantName = "[No Variations]"
Add component (AddParameter): Name = "PinCount"; Value = ""; VariantName = "[No Variations]"
Add component (AddParameter): Name = "Solder"; Value = "SMT"; VariantName = "[No Variations]"
Add component (AddParameter): Name = "Value"; Value = "10K"; VariantName = "[No Variations]"
Added Component: Designator=R17(RESC-0603 (1608))
Add component (AddParameter): Name = "Category"; Value = "RESISTOR"; VariantName = "[No Variations]"
Add component (AddParameter): Name = "CompanyID"; Value = "VT-00328"; VariantName = "[No Variations]"
Add component (AddParameter): Name = "MFR"; Value = ""; VariantName = "[No Variations]"
Add component (AddParameter): Name = "MFR_URL"; Value = ""; VariantName = "[No Variations]"
Add component (AddParameter): Name = "MPN"; Value = "RC0603FR-0710KL"; VariantName = "[No Variations]"
Add component (AddParameter): Name = "PinCount"; Value = ""; VariantName = "[No Variations]"
Add component (AddParameter): Name = "Solder"; Value = "SMT"; VariantName = "[No Variations]"
Add component (AddParameter): Name = "Value"; Value = "10K"; VariantName = "[No Variations]"
Added Component: Designator=R18(RESC-0603 (1608))
Add component (AddParameter): Name = "Category"; Value = "RESISTOR"; VariantName = "[No Variations]"
Add component (AddParameter): Name = "CompanyID"; Value = "VT-00328"; VariantName = "[No Variations]"
Add component (AddParameter): Name = "MFR"; Value = ""; VariantName = "[No Variations]"
Add component (AddParameter): Name = "MFR_URL"; Value = ""; VariantName = "[No Variations]"
Add component (AddParameter): Name = "MPN"; Value = "RC0603FR-0710KL"; VariantName = "[No Variations]"
Add component (AddParameter): Name = "PinCount"; Value = ""; VariantName = "[No Variations]"
Add component (AddParameter): Name = "Solder"; Value = "SMT"; VariantName = "[No Variations]"
Add component (AddParameter): Name = "Value"; Value = "10K"; VariantName = "[No Variations]"
Added Component: Designator=R19(RESC-0603 (1608))
Add component (AddParameter): Name = "Category"; Value = "RESISTOR"; VariantName = "[No Variations]"
Add component (AddParameter): Name = "CompanyID"; Value = "VT-00328"; VariantName = "[No Variations]"
Add component (AddParameter): Name = "MFR"; Value = ""; VariantName = "[No Variations]"
Add component (AddParameter): Name = "MFR_URL"; Value = ""; VariantName = "[No Variations]"
Add component (AddParameter): Name = "MPN"; Value = "RC0603FR-0710KL"; VariantName = "[No Variations]"
Add component (AddParameter): Name = "PinCount"; Value = ""; VariantName = "[No Variations]"
Add component (AddParameter): Name = "Solder"; Value = "SMT"; VariantName = "[No Variations]"
Add component (AddParameter): Name = "Value"; Value = "10K"; VariantName = "[No Variations]"
Added Component: Designator=R20(RESC-0603 (1608))
Add component (AddParameter): Name = "Category"; Value = "RESISTOR"; VariantName = "[No Variations]"
Add component (AddParameter): Name = "CompanyID"; Value = "VT-00328"; VariantName = "[No Variations]"
Add component (AddParameter): Name = "MFR"; Value = ""; VariantName = "[No Variations]"
Add component (AddParameter): Name = "MFR_URL"; Value = ""; VariantName = "[No Variations]"
Add component (AddParameter): Name = "MPN"; Value = "RC0603FR-0710KL"; VariantName = "[No Variations]"
Add component (AddParameter): Name = "PinCount"; Value = ""; VariantName = "[No Variations]"
Add component (AddParameter): Name = "Solder"; Value = "SMT"; VariantName = "[No Variations]"
Add component (AddParameter): Name = "Value"; Value = "10K"; VariantName = "[No Variations]"
Added Component: Designator=R21(RESC-0603 (1608))
Add component (AddParameter): Name = "Category"; Value = "RESISTOR"; VariantName = "[No Variations]"
Add component (AddParameter): Name = "CompanyID"; Value = "VT-00328"; VariantName = "[No Variations]"
Add component (AddParameter): Name = "MFR"; Value = ""; VariantName = "[No Variations]"
Add component (AddParameter): Name = "MFR_URL"; Value = ""; VariantName = "[No Variations]"
Add component (AddParameter): Name = "MPN"; Value = "RC0603FR-0710KL"; VariantName = "[No Variations]"
Add component (AddParameter): Name = "PinCount"; Value = ""; VariantName = "[No Variations]"
Add component (AddParameter): Name = "Solder"; Value = "SMT"; VariantName = "[No Variations]"
Add component (AddParameter): Name = "Value"; Value = "10K"; VariantName = "[No Variations]"
Added Component: Designator=R22(RESC-0603 (1608))
Add component (AddParameter): Name = "Category"; Value = "RESISTOR"; VariantName = "[No Variations]"
Add component (AddParameter): Name = "CompanyID"; Value = "VT-00328"; VariantName = "[No Variations]"
Add component (AddParameter): Name = "MFR"; Value = ""; VariantName = "[No Variations]"
Add component (AddParameter): Name = "MFR_URL"; Value = ""; VariantName = "[No Variations]"
Add component (AddParameter): Name = "MPN"; Value = "RC0603FR-0710KL"; VariantName = "[No Variations]"
Add component (AddParameter): Name = "PinCount"; Value = ""; VariantName = "[No Variations]"
Add component (AddParameter): Name = "Solder"; Value = "SMT"; VariantName = "[No Variations]"
Add component (AddParameter): Name = "Value"; Value = "10K"; VariantName = "[No Variations]"
Added Component: Designator=R23(RESC-0603 (1608))
Add component (AddParameter): Name = "Category"; Value = "RESISTOR"; VariantName = "[No Variations]"
Add component (AddParameter): Name = "CompanyID"; Value = "VT-00328"; VariantName = "[No Variations]"
Add component (AddParameter): Name = "MFR"; Value = ""; VariantName = "[No Variations]"
Add component (AddParameter): Name = "MFR_URL"; Value = ""; VariantName = "[No Variations]"
Add component (AddParameter): Name = "MPN"; Value = "RC0603FR-0710KL"; VariantName = "[No Variations]"
Add component (AddParameter): Name = "PinCount"; Value = ""; VariantName = "[No Variations]"
Add component (AddParameter): Name = "Solder"; Value = "SMT"; VariantName = "[No Variations]"
Add component (AddParameter): Name = "Value"; Value = "10K"; VariantName = "[No Variations]"
Added Component: Designator=R24(RESC-0603 (1608))
Add component (AddParameter): Name = "Category"; Value = "RESISTOR"; VariantName = "[No Variations]"
Add component (AddParameter): Name = "CompanyID"; Value = "VT-00328"; VariantName = "[No Variations]"
Add component (AddParameter): Name = "MFR"; Value = ""; VariantName = "[No Variations]"
Add component (AddParameter): Name = "MFR_URL"; Value = ""; VariantName = "[No Variations]"
Add component (AddParameter): Name = "MPN"; Value = "RC0603FR-0710KL"; VariantName = "[No Variations]"
Add component (AddParameter): Name = "PinCount"; Value = ""; VariantName = "[No Variations]"
Add component (AddParameter): Name = "Solder"; Value = "SMT"; VariantName = "[No Variations]"
Add component (AddParameter): Name = "Value"; Value = "10K"; VariantName = "[No Variations]"
Added Component: Designator=R25(RESC-0603 (1608))
Add component (AddParameter): Name = "Category"; Value = "RESISTOR"; VariantName = "[No Variations]"
Add component (AddParameter): Name = "CompanyID"; Value = "VT-00328"; VariantName = "[No Variations]"
Add component (AddParameter): Name = "MFR"; Value = ""; VariantName = "[No Variations]"
Add component (AddParameter): Name = "MFR_URL"; Value = ""; VariantName = "[No Variations]"
Add component (AddParameter): Name = "MPN"; Value = "RC0603FR-0710KL"; VariantName = "[No Variations]"
Add component (AddParameter): Name = "PinCount"; Value = ""; VariantName = "[No Variations]"
Add component (AddParameter): Name = "Solder"; Value = "SMT"; VariantName = "[No Variations]"
Add component (AddParameter): Name = "Value"; Value = "10K"; VariantName = "[No Variations]"
Added Component: Designator=R26(RESC-0603 (1608))
Add component (AddParameter): Name = "Category"; Value = "RESISTOR"; VariantName = "[No Variations]"
Add component (AddParameter): Name = "CompanyID"; Value = "VT-00328"; VariantName = "[No Variations]"
Add component (AddParameter): Name = "MFR"; Value = ""; VariantName = "[No Variations]"
Add component (AddParameter): Name = "MFR_URL"; Value = ""; VariantName = "[No Variations]"
Add component (AddParameter): Name = "MPN"; Value = "RC0603FR-0710KL"; VariantName = "[No Variations]"
Add component (AddParameter): Name = "PinCount"; Value = ""; VariantName = "[No Variations]"
Add component (AddParameter): Name = "Solder"; Value = "SMT"; VariantName = "[No Variations]"
Add component (AddParameter): Name = "Value"; Value = "10K"; VariantName = "[No Variations]"
Added Component: Designator=R27(RESC-0603 (1608))
Add component (AddParameter): Name = "Category"; Value = "RESISTOR"; VariantName = "[No Variations]"
Add component (AddParameter): Name = "CompanyID"; Value = "VT-00328"; VariantName = "[No Variations]"
Add component (AddParameter): Name = "MFR"; Value = ""; VariantName = "[No Variations]"
Add component (AddParameter): Name = "MFR_URL"; Value = ""; VariantName = "[No Variations]"
Add component (AddParameter): Name = "MPN"; Value = "RC0603FR-0710KL"; VariantName = "[No Variations]"
Add component (AddParameter): Name = "PinCount"; Value = ""; VariantName = "[No Variations]"
Add component (AddParameter): Name = "Solder"; Value = "SMT"; VariantName = "[No Variations]"
Add component (AddParameter): Name = "Value"; Value = "10K"; VariantName = "[No Variations]"
Added Component: Designator=R28(RESC-0603 (1608))
Add component (AddParameter): Name = "Category"; Value = "RESISTOR"; VariantName = "[No Variations]"
Add component (AddParameter): Name = "CompanyID"; Value = "VT-00328"; VariantName = "[No Variations]"
Add component (AddParameter): Name = "MFR"; Value = ""; VariantName = "[No Variations]"
Add component (AddParameter): Name = "MFR_URL"; Value = ""; VariantName = "[No Variations]"
Add component (AddParameter): Name = "MPN"; Value = "RC0603FR-0710KL"; VariantName = "[No Variations]"
Add component (AddParameter): Name = "PinCount"; Value = ""; VariantName = "[No Variations]"
Add component (AddParameter): Name = "Solder"; Value = "SMT"; VariantName = "[No Variations]"
Add component (AddParameter): Name = "Value"; Value = "10K"; VariantName = "[No Variations]"
Added Component: Designator=R29(RESC-0603 (1608))
Add component (AddParameter): Name = "Category"; Value = "RESISTOR"; VariantName = "[No Variations]"
Add component (AddParameter): Name = "CompanyID"; Value = "VT-00328"; VariantName = "[No Variations]"
Add component (AddParameter): Name = "MFR"; Value = ""; VariantName = "[No Variations]"
Add component (AddParameter): Name = "MFR_URL"; Value = ""; VariantName = "[No Variations]"
Add component (AddParameter): Name = "MPN"; Value = "RC0603FR-0710KL"; VariantName = "[No Variations]"
Add component (AddParameter): Name = "PinCount"; Value = ""; VariantName = "[No Variations]"
Add component (AddParameter): Name = "Solder"; Value = "SMT"; VariantName = "[No Variations]"
Add component (AddParameter): Name = "Value"; Value = "10K"; VariantName = "[No Variations]"
Added Component: Designator=R30(RESC-0603 (1608))
Add component (AddParameter): Name = "Category"; Value = "RESISTOR"; VariantName = "[No Variations]"
Add component (AddParameter): Name = "CompanyID"; Value = "VT-00328"; VariantName = "[No Variations]"
Add component (AddParameter): Name = "MFR"; Value = ""; VariantName = "[No Variations]"
Add component (AddParameter): Name = "MFR_URL"; Value = ""; VariantName = "[No Variations]"
Add component (AddParameter): Name = "MPN"; Value = "RC0603FR-0710KL"; VariantName = "[No Variations]"
Add component (AddParameter): Name = "PinCount"; Value = ""; VariantName = "[No Variations]"
Add component (AddParameter): Name = "Solder"; Value = "SMT"; VariantName = "[No Variations]"
Add component (AddParameter): Name = "Value"; Value = "10K"; VariantName = "[No Variations]"
Added Component: Designator=R31(RESC-0603 (1608))
Add component (AddParameter): Name = "Category"; Value = "RESISTOR"; VariantName = "[No Variations]"
Add component (AddParameter): Name = "CompanyID"; Value = "VT-00328"; VariantName = "[No Variations]"
Add component (AddParameter): Name = "MFR"; Value = ""; VariantName = "[No Variations]"
Add component (AddParameter): Name = "MFR_URL"; Value = ""; VariantName = "[No Variations]"
Add component (AddParameter): Name = "MPN"; Value = "RC0603FR-0710KL"; VariantName = "[No Variations]"
Add component (AddParameter): Name = "PinCount"; Value = ""; VariantName = "[No Variations]"
Add component (AddParameter): Name = "Solder"; Value = "SMT"; VariantName = "[No Variations]"
Add component (AddParameter): Name = "Value"; Value = "10K"; VariantName = "[No Variations]"
Added Component: Designator=R32(RESC-0603 (1608))
Add component (AddParameter): Name = "Category"; Value = "RESISTOR"; VariantName = "[No Variations]"
Add component (AddParameter): Name = "CompanyID"; Value = "VT-00328"; VariantName = "[No Variations]"
Add component (AddParameter): Name = "MFR"; Value = ""; VariantName = "[No Variations]"
Add component (AddParameter): Name = "MFR_URL"; Value = ""; VariantName = "[No Variations]"
Add component (AddParameter): Name = "MPN"; Value = "RC0603FR-0710KL"; VariantName = "[No Variations]"
Add component (AddParameter): Name = "PinCount"; Value = ""; VariantName = "[No Variations]"
Add component (AddParameter): Name = "Solder"; Value = "SMT"; VariantName = "[No Variations]"
Add component (AddParameter): Name = "Value"; Value = "10K"; VariantName = "[No Variations]"
Added Component: Designator=R33(RESC-0603 (1608))
Add component (AddParameter): Name = "Category"; Value = "RESISTOR"; VariantName = "[No Variations]"
Add component (AddParameter): Name = "CompanyID"; Value = "VT-00328"; VariantName = "[No Variations]"
Add component (AddParameter): Name = "MFR"; Value = ""; VariantName = "[No Variations]"
Add component (AddParameter): Name = "MFR_URL"; Value = ""; VariantName = "[No Variations]"
Add component (AddParameter): Name = "MPN"; Value = "RC0603FR-0710KL"; VariantName = "[No Variations]"
Add component (AddParameter): Name = "PinCount"; Value = ""; VariantName = "[No Variations]"
Add component (AddParameter): Name = "Solder"; Value = "SMT"; VariantName = "[No Variations]"
Add component (AddParameter): Name = "Value"; Value = "10K"; VariantName = "[No Variations]"
Added Component: Designator=R34(RESC-0603 (1608))
Add component (AddParameter): Name = "Category"; Value = "RESISTOR"; VariantName = "[No Variations]"
Add component (AddParameter): Name = "CompanyID"; Value = "VT-00328"; VariantName = "[No Variations]"
Add component (AddParameter): Name = "MFR"; Value = ""; VariantName = "[No Variations]"
Add component (AddParameter): Name = "MFR_URL"; Value = ""; VariantName = "[No Variations]"
Add component (AddParameter): Name = "MPN"; Value = "RC0603FR-0710KL"; VariantName = "[No Variations]"
Add component (AddParameter): Name = "PinCount"; Value = ""; VariantName = "[No Variations]"
Add component (AddParameter): Name = "Solder"; Value = "SMT"; VariantName = "[No Variations]"
Add component (AddParameter): Name = "Value"; Value = "10K"; VariantName = "[No Variations]"
Added Component: Designator=R35(RESC-0603 (1608))
Add component (AddParameter): Name = "Category"; Value = "RESISTOR"; VariantName = "[No Variations]"
Add component (AddParameter): Name = "CompanyID"; Value = "VT-00328"; VariantName = "[No Variations]"
Add component (AddParameter): Name = "MFR"; Value = ""; VariantName = "[No Variations]"
Add component (AddParameter): Name = "MFR_URL"; Value = ""; VariantName = "[No Variations]"
Add component (AddParameter): Name = "MPN"; Value = "RC0603FR-0710KL"; VariantName = "[No Variations]"
Add component (AddParameter): Name = "PinCount"; Value = ""; VariantName = "[No Variations]"
Add component (AddParameter): Name = "Solder"; Value = "SMT"; VariantName = "[No Variations]"
Add component (AddParameter): Name = "Value"; Value = "10K"; VariantName = "[No Variations]"
Added Component: Designator=R36(RESC-0603 (1608))
Add component (AddParameter): Name = "Category"; Value = "RESISTOR"; VariantName = "[No Variations]"
Add component (AddParameter): Name = "CompanyID"; Value = "VT-00328"; VariantName = "[No Variations]"
Add component (AddParameter): Name = "MFR"; Value = ""; VariantName = "[No Variations]"
Add component (AddParameter): Name = "MFR_URL"; Value = ""; VariantName = "[No Variations]"
Add component (AddParameter): Name = "MPN"; Value = "RC0603FR-0710KL"; VariantName = "[No Variations]"
Add component (AddParameter): Name = "PinCount"; Value = ""; VariantName = "[No Variations]"
Add component (AddParameter): Name = "Solder"; Value = "SMT"; VariantName = "[No Variations]"
Add component (AddParameter): Name = "Value"; Value = "10K"; VariantName = "[No Variations]"
Added Component: Designator=R37(RESC-0603 (1608))
Add component (AddParameter): Name = "Category"; Value = "RESISTOR"; VariantName = "[No Variations]"
Add component (AddParameter): Name = "CompanyID"; Value = "VT-00328"; VariantName = "[No Variations]"
Add component (AddParameter): Name = "MFR"; Value = ""; VariantName = "[No Variations]"
Add component (AddParameter): Name = "MFR_URL"; Value = ""; VariantName = "[No Variations]"
Add component (AddParameter): Name = "MPN"; Value = "RC0603FR-0710KL"; VariantName = "[No Variations]"
Add component (AddParameter): Name = "PinCount"; Value = ""; VariantName = "[No Variations]"
Add component (AddParameter): Name = "Solder"; Value = "SMT"; VariantName = "[No Variations]"
Add component (AddParameter): Name = "Value"; Value = "10K"; VariantName = "[No Variations]"
Added Component: Designator=R38(RESC-0603 (1608))
Add component (AddParameter): Name = "Category"; Value = "RESISTOR"; VariantName = "[No Variations]"
Add component (AddParameter): Name = "CompanyID"; Value = "VT-00328"; VariantName = "[No Variations]"
Add component (AddParameter): Name = "MFR"; Value = ""; VariantName = "[No Variations]"
Add component (AddParameter): Name = "MFR_URL"; Value = ""; VariantName = "[No Variations]"
Add component (AddParameter): Name = "MPN"; Value = "RC0603FR-0710KL"; VariantName = "[No Variations]"
Add component (AddParameter): Name = "PinCount"; Value = ""; VariantName = "[No Variations]"
Add component (AddParameter): Name = "Solder"; Value = "SMT"; VariantName = "[No Variations]"
Add component (AddParameter): Name = "Value"; Value = "10K"; VariantName = "[No Variations]"
Added Component: Designator=R39(RESC-0603 (1608))
Add component (AddParameter): Name = "Category"; Value = "RESISTOR"; VariantName = "[No Variations]"
Add component (AddParameter): Name = "CompanyID"; Value = "VT-00328"; VariantName = "[No Variations]"
Add component (AddParameter): Name = "MFR"; Value = ""; VariantName = "[No Variations]"
Add component (AddParameter): Name = "MFR_URL"; Value = ""; VariantName = "[No Variations]"
Add component (AddParameter): Name = "MPN"; Value = "RC0603FR-0710KL"; VariantName = "[No Variations]"
Add component (AddParameter): Name = "PinCount"; Value = ""; VariantName = "[No Variations]"
Add component (AddParameter): Name = "Solder"; Value = "SMT"; VariantName = "[No Variations]"
Add component (AddParameter): Name = "Value"; Value = "10K"; VariantName = "[No Variations]"
Added Component: Designator=R40(RESC-0603 (1608))
Add component (AddParameter): Name = "Category"; Value = "RESISTOR"; VariantName = "[No Variations]"
Add component (AddParameter): Name = "CompanyID"; Value = "VT-00328"; VariantName = "[No Variations]"
Add component (AddParameter): Name = "MFR"; Value = ""; VariantName = "[No Variations]"
Add component (AddParameter): Name = "MFR_URL"; Value = ""; VariantName = "[No Variations]"
Add component (AddParameter): Name = "MPN"; Value = "RC0603FR-0710KL"; VariantName = "[No Variations]"
Add component (AddParameter): Name = "PinCount"; Value = ""; VariantName = "[No Variations]"
Add component (AddParameter): Name = "Solder"; Value = "SMT"; VariantName = "[No Variations]"
Add component (AddParameter): Name = "Value"; Value = "10K"; VariantName = "[No Variations]"
Added Component: Designator=R41(RESC-0603 (1608))
Add component (AddParameter): Name = "Category"; Value = "RESISTOR"; VariantName = "[No Variations]"
Add component (AddParameter): Name = "CompanyID"; Value = "VT-01176"; VariantName = "[No Variations]"
Add component (AddParameter): Name = "MFR"; Value = ""; VariantName = "[No Variations]"
Add component (AddParameter): Name = "MFR_URL"; Value = ""; VariantName = "[No Variations]"
Add component (AddParameter): Name = "MPN"; Value = "RC0603FR-07470RL"; VariantName = "[No Variations]"
Add component (AddParameter): Name = "PinCount"; Value = ""; VariantName = "[No Variations]"
Add component (AddParameter): Name = "Solder"; Value = "SMT"; VariantName = "[No Variations]"
Add component (AddParameter): Name = "Value"; Value = "470R"; VariantName = "[No Variations]"
Added Component: Designator=R42(RESC-0603 (1608))
Add component (AddParameter): Name = "Category"; Value = "RESISTOR"; VariantName = "[No Variations]"
Add component (AddParameter): Name = "CompanyID"; Value = "VT-01176"; VariantName = "[No Variations]"
Add component (AddParameter): Name = "MFR"; Value = ""; VariantName = "[No Variations]"
Add component (AddParameter): Name = "MFR_URL"; Value = ""; VariantName = "[No Variations]"
Add component (AddParameter): Name = "MPN"; Value = "RC0603FR-07470RL"; VariantName = "[No Variations]"
Add component (AddParameter): Name = "PinCount"; Value = ""; VariantName = "[No Variations]"
Add component (AddParameter): Name = "Solder"; Value = "SMT"; VariantName = "[No Variations]"
Add component (AddParameter): Name = "Value"; Value = "470R"; VariantName = "[No Variations]"
Added Component: Designator=R43(RESC-0603 (1608))
Add component (AddParameter): Name = "Category"; Value = "RESISTOR"; VariantName = "[No Variations]"
Add component (AddParameter): Name = "CompanyID"; Value = "VT-01176"; VariantName = "[No Variations]"
Add component (AddParameter): Name = "MFR"; Value = ""; VariantName = "[No Variations]"
Add component (AddParameter): Name = "MFR_URL"; Value = ""; VariantName = "[No Variations]"
Add component (AddParameter): Name = "MPN"; Value = "RC0603FR-07470RL"; VariantName = "[No Variations]"
Add component (AddParameter): Name = "PinCount"; Value = ""; VariantName = "[No Variations]"
Add component (AddParameter): Name = "Solder"; Value = "SMT"; VariantName = "[No Variations]"
Add component (AddParameter): Name = "Value"; Value = "470R"; VariantName = "[No Variations]"
Added Component: Designator=S1(219-4LPSTR)
Add component (AddParameter): Name = "Category"; Value = ""; VariantName = "[No Variations]"
Add component (AddParameter): Name = "CompanyID"; Value = "VT-xxxx"; VariantName = "[No Variations]"
Add component (AddParameter): Name = "MFR"; Value = ""; VariantName = "[No Variations]"
Add component (AddParameter): Name = "MFR_URL"; Value = ""; VariantName = "[No Variations]"
Add component (AddParameter): Name = "MPN"; Value = "219-4LPSTR"; VariantName = "[No Variations]"
Add component (AddParameter): Name = "PinCount"; Value = ""; VariantName = "[No Variations]"
Add component (AddParameter): Name = "Solder"; Value = "SMT"; VariantName = "[No Variations]"
Add component (AddParameter): Name = "Value"; Value = "4bit/SMD"; VariantName = "[No Variations]"
Added Component: Designator=U1(SSOP-48)
Add component (AddParameter): Name = "Digi-Key_Part_Number_1"; Value = "2015-CY8C9540A-24PVXI-ND"; VariantName = "[No Variations]"
Add component (AddParameter): Name = "Digi-Key_Part_Number_2"; Value = "428-2016-5-ND"; VariantName = "[No Variations]"
Add component (AddParameter): Name = "Digi-Key_Part_Number_3"; Value = "2156-CY8C9540A-24PVXI-ND"; VariantName = "[No Variations]"
Add component (AddParameter): Name = "Mfr_Name"; Value = "Cypress Semiconductor"; VariantName = "[No Variations]"
Add component (AddParameter): Name = "RefDes"; Value = "RefDes"; VariantName = "[No Variations]"
Add component (AddParameter): Name = "Type"; Value = "Type"; VariantName = "[No Variations]"
Added Pin To Net: NetName=0 Pin=J1-1
Added Pin To Net: NetName=0 Pin=R19-1
Added Net: Name=0
Added Pin To Net: NetName=1 Pin=J1-2
Added Pin To Net: NetName=1 Pin=R25-1
Added Net: Name=1
Added Pin To Net: NetName=2 Pin=J1-7
Added Pin To Net: NetName=2 Pin=R31-1
Added Net: Name=2
Added Pin To Net: NetName=3 Pin=J2-1
Added Pin To Net: NetName=3 Pin=R36-1
Added Net: Name=3
Added Pin To Net: NetName=4 Pin=J2-2
Added Pin To Net: NetName=4 Pin=R20-1
Added Net: Name=4
Added Pin To Net: NetName=5DC Pin=COM1-1
Added Pin To Net: NetName=5DC Pin=COM1-8
Added Pin To Net: NetName=5DC Pin=COM2-8
Added Pin To Net: NetName=5DC Pin=F1-1
Added Pin To Net: NetName=5DC Pin=P1-1
Added Pin To Net: NetName=5DC Pin=P2-1
Added Pin To Net: NetName=5DC Pin=P3-2
Added Net: Name=5DC
Added Pin To Net: NetName=5 Pin=J2-7
Added Pin To Net: NetName=5 Pin=R26-1
Added Net: Name=5
Added Pin To Net: NetName=5V Pin=C19-1
Added Pin To Net: NetName=5V Pin=C20-2
Added Pin To Net: NetName=5V Pin=C21-1
Added Pin To Net: NetName=5V Pin=F1-2
Added Pin To Net: NetName=5V Pin=J1-8
Added Pin To Net: NetName=5V Pin=J2-8
Added Pin To Net: NetName=5V Pin=J3-8
Added Pin To Net: NetName=5V Pin=J4-8
Added Pin To Net: NetName=5V Pin=J5-8
Added Pin To Net: NetName=5V Pin=J6-8
Added Pin To Net: NetName=5V Pin=R1-2
Added Pin To Net: NetName=5V Pin=R2-2
Added Pin To Net: NetName=5V Pin=R3-2
Added Pin To Net: NetName=5V Pin=R4-2
Added Pin To Net: NetName=5V Pin=R5-2
Added Pin To Net: NetName=5V Pin=R6-2
Added Pin To Net: NetName=5V Pin=R7-2
Added Pin To Net: NetName=5V Pin=R8-2
Added Pin To Net: NetName=5V Pin=R9-2
Added Pin To Net: NetName=5V Pin=R10-2
Added Pin To Net: NetName=5V Pin=R11-2
Added Pin To Net: NetName=5V Pin=R12-2
Added Pin To Net: NetName=5V Pin=R13-2
Added Pin To Net: NetName=5V Pin=R14-2
Added Pin To Net: NetName=5V Pin=R15-2
Added Pin To Net: NetName=5V Pin=R16-2
Added Pin To Net: NetName=5V Pin=R17-2
Added Pin To Net: NetName=5V Pin=R18-2
Added Pin To Net: NetName=5V Pin=R24-1
Added Pin To Net: NetName=5V Pin=R30-1
Added Pin To Net: NetName=5V Pin=R35-1
Added Pin To Net: NetName=5V Pin=R40-1
Added Pin To Net: NetName=5V Pin=R41-2
Added Pin To Net: NetName=5V Pin=R42-2
Added Pin To Net: NetName=5V Pin=R43-2
Added Pin To Net: NetName=5V Pin=U1-48
Added Net: Name=5V
Added Pin To Net: NetName=6 Pin=J3-1
Added Pin To Net: NetName=6 Pin=R32-1
Added Net: Name=6
Added Pin To Net: NetName=7 Pin=J3-2
Added Pin To Net: NetName=7 Pin=R37-1
Added Net: Name=7
Added Pin To Net: NetName=8 Pin=J3-7
Added Pin To Net: NetName=8 Pin=R21-1
Added Net: Name=8
Added Pin To Net: NetName=9 Pin=J4-1
Added Pin To Net: NetName=9 Pin=R27-1
Added Net: Name=9
Added Pin To Net: NetName=10 Pin=J4-2
Added Pin To Net: NetName=10 Pin=R33-1
Added Net: Name=10
Added Pin To Net: NetName=11 Pin=J4-7
Added Pin To Net: NetName=11 Pin=R38-1
Added Net: Name=11
Added Pin To Net: NetName=12 Pin=J5-1
Added Pin To Net: NetName=12 Pin=R22-1
Added Net: Name=12
Added Pin To Net: NetName=13 Pin=J5-2
Added Pin To Net: NetName=13 Pin=R28-1
Added Net: Name=13
Added Pin To Net: NetName=14 Pin=J5-7
Added Pin To Net: NetName=14 Pin=R34-1
Added Net: Name=14
Added Pin To Net: NetName=15 Pin=J6-1
Added Pin To Net: NetName=15 Pin=R39-1
Added Net: Name=15
Added Pin To Net: NetName=16 Pin=J6-2
Added Pin To Net: NetName=16 Pin=R23-1
Added Net: Name=16
Added Pin To Net: NetName=17 Pin=J6-7
Added Pin To Net: NetName=17 Pin=R29-1
Added Net: Name=17
Added Pin To Net: NetName=ADD Pin=R24-2
Added Pin To Net: NetName=ADD Pin=S1-1
Added Pin To Net: NetName=ADD Pin=U1-23
Added Net: Name=ADD
Added Pin To Net: NetName=GND Pin=C1-1
Added Pin To Net: NetName=GND Pin=C2-1
Added Pin To Net: NetName=GND Pin=C3-1
Added Pin To Net: NetName=GND Pin=C4-1
Added Pin To Net: NetName=GND Pin=C5-1
Added Pin To Net: NetName=GND Pin=C6-1
Added Pin To Net: NetName=GND Pin=C7-1
Added Pin To Net: NetName=GND Pin=C8-1
Added Pin To Net: NetName=GND Pin=C9-1
Added Pin To Net: NetName=GND Pin=C10-1
Added Pin To Net: NetName=GND Pin=C11-1
Added Pin To Net: NetName=GND Pin=C12-1
Added Pin To Net: NetName=GND Pin=C13-1
Added Pin To Net: NetName=GND Pin=C14-1
Added Pin To Net: NetName=GND Pin=C15-1
Added Pin To Net: NetName=GND Pin=C16-1
Added Pin To Net: NetName=GND Pin=C17-1
Added Pin To Net: NetName=GND Pin=C18-1
Added Pin To Net: NetName=GND Pin=C19-2
Added Pin To Net: NetName=GND Pin=C20-1
Added Pin To Net: NetName=GND Pin=C21-2
Added Pin To Net: NetName=GND Pin=COM1-5
Added Pin To Net: NetName=GND Pin=COM2-5
Added Pin To Net: NetName=GND Pin=D1-2
Added Pin To Net: NetName=GND Pin=J1-3
Added Pin To Net: NetName=GND Pin=J2-3
Added Pin To Net: NetName=GND Pin=J3-3
Added Pin To Net: NetName=GND Pin=J4-3
Added Pin To Net: NetName=GND Pin=J5-3
Added Pin To Net: NetName=GND Pin=J6-3
Added Pin To Net: NetName=GND Pin=P1-5
Added Pin To Net: NetName=GND Pin=P2-5
Added Pin To Net: NetName=GND Pin=P3-1
Added Pin To Net: NetName=GND Pin=S1-5
Added Pin To Net: NetName=GND Pin=S1-6
Added Pin To Net: NetName=GND Pin=S1-7
Added Pin To Net: NetName=GND Pin=S1-8
Added Pin To Net: NetName=GND Pin=U1-13
Added Pin To Net: NetName=GND Pin=U1-24
Added Net: Name=GND
Added Pin To Net: NetName=INT Pin=COM1-3
Added Pin To Net: NetName=INT Pin=COM2-3
Added Pin To Net: NetName=INT Pin=P1-3
Added Pin To Net: NetName=INT Pin=P1-7
Added Pin To Net: NetName=INT Pin=P2-3
Added Pin To Net: NetName=INT Pin=P2-7
Added Pin To Net: NetName=INT Pin=R42-1
Added Pin To Net: NetName=INT Pin=U1-21
Added Pin To Net: NetName=INT Pin=U1-26
Added Net: Name=INT
Added Pin To Net: NetName=NetD1_1 Pin=D1-1
Added Pin To Net: NetName=NetD1_1 Pin=R41-1
Added Net: Name=NetD1_1
Added Pin To Net: NetName=P0B0 Pin=C1-2
Added Pin To Net: NetName=P0B0 Pin=J1-4
Added Pin To Net: NetName=P0B0 Pin=R1-1
Added Pin To Net: NetName=P0B0 Pin=U1-1
Added Net: Name=P0B0
Added Pin To Net: NetName=P0B1 Pin=C7-2
Added Pin To Net: NetName=P0B1 Pin=J1-5
Added Pin To Net: NetName=P0B1 Pin=R7-1
Added Pin To Net: NetName=P0B1 Pin=U1-2
Added Net: Name=P0B1
Added Pin To Net: NetName=P0B2 Pin=C13-2
Added Pin To Net: NetName=P0B2 Pin=J1-6
Added Pin To Net: NetName=P0B2 Pin=R13-1
Added Pin To Net: NetName=P0B2 Pin=U1-3
Added Net: Name=P0B2
Added Pin To Net: NetName=P0B3 Pin=C2-2
Added Pin To Net: NetName=P0B3 Pin=J2-4
Added Pin To Net: NetName=P0B3 Pin=R2-1
Added Pin To Net: NetName=P0B3 Pin=U1-4
Added Net: Name=P0B3
Added Pin To Net: NetName=P0B4 Pin=C8-2
Added Pin To Net: NetName=P0B4 Pin=J2-5
Added Pin To Net: NetName=P0B4 Pin=R8-1
Added Pin To Net: NetName=P0B4 Pin=U1-5
Added Net: Name=P0B4
Added Pin To Net: NetName=P0B5 Pin=C14-2
Added Pin To Net: NetName=P0B5 Pin=J2-6
Added Pin To Net: NetName=P0B5 Pin=R14-1
Added Pin To Net: NetName=P0B5 Pin=U1-6
Added Net: Name=P0B5
Added Pin To Net: NetName=P0B6 Pin=C3-2
Added Pin To Net: NetName=P0B6 Pin=J3-4
Added Pin To Net: NetName=P0B6 Pin=R3-1
Added Pin To Net: NetName=P0B6 Pin=U1-7
Added Net: Name=P0B6
Added Pin To Net: NetName=P0B7 Pin=C9-2
Added Pin To Net: NetName=P0B7 Pin=J3-5
Added Pin To Net: NetName=P0B7 Pin=R9-1
Added Pin To Net: NetName=P0B7 Pin=U1-8
Added Net: Name=P0B7
Added Pin To Net: NetName=P1B0 Pin=C15-2
Added Pin To Net: NetName=P1B0 Pin=J3-6
Added Pin To Net: NetName=P1B0 Pin=R15-1
Added Pin To Net: NetName=P1B0 Pin=R40-2
Added Pin To Net: NetName=P1B0 Pin=U1-47
Added Net: Name=P1B0
Added Pin To Net: NetName=P1B1 Pin=C4-2
Added Pin To Net: NetName=P1B1 Pin=J4-4
Added Pin To Net: NetName=P1B1 Pin=R4-1
Added Pin To Net: NetName=P1B1 Pin=U1-46
Added Net: Name=P1B1
Added Pin To Net: NetName=P1B2 Pin=C10-2
Added Pin To Net: NetName=P1B2 Pin=J4-5
Added Pin To Net: NetName=P1B2 Pin=R10-1
Added Pin To Net: NetName=P1B2 Pin=U1-45
Added Net: Name=P1B2
Added Pin To Net: NetName=P1B3 Pin=C16-2
Added Pin To Net: NetName=P1B3 Pin=J4-6
Added Pin To Net: NetName=P1B3 Pin=R16-1
Added Pin To Net: NetName=P1B3 Pin=U1-44
Added Net: Name=P1B3
Added Pin To Net: NetName=P1B4 Pin=C5-2
Added Pin To Net: NetName=P1B4 Pin=J5-4
Added Pin To Net: NetName=P1B4 Pin=R5-1
Added Pin To Net: NetName=P1B4 Pin=U1-43
Added Net: Name=P1B4
Added Pin To Net: NetName=P1B5 Pin=C11-2
Added Pin To Net: NetName=P1B5 Pin=J5-5
Added Pin To Net: NetName=P1B5 Pin=R11-1
Added Pin To Net: NetName=P1B5 Pin=U1-42
Added Net: Name=P1B5
Added Pin To Net: NetName=P1B6 Pin=C17-2
Added Pin To Net: NetName=P1B6 Pin=J5-6
Added Pin To Net: NetName=P1B6 Pin=R17-1
Added Pin To Net: NetName=P1B6 Pin=U1-41
Added Net: Name=P1B6
Added Pin To Net: NetName=P1B7 Pin=C6-2
Added Pin To Net: NetName=P1B7 Pin=J6-4
Added Pin To Net: NetName=P1B7 Pin=R6-1
Added Pin To Net: NetName=P1B7 Pin=U1-40
Added Net: Name=P1B7
Added Pin To Net: NetName=P2B0 Pin=S1-4
Added Pin To Net: NetName=P2B0 Pin=U1-28
Added Net: Name=P2B0
Added Pin To Net: NetName=P2B1 Pin=R35-2
Added Pin To Net: NetName=P2B1 Pin=S1-3
Added Pin To Net: NetName=P2B1 Pin=U1-27
Added Net: Name=P2B1
Added Pin To Net: NetName=P2B2 Pin=U1-25
Added Net: Name=P2B2
Added Pin To Net: NetName=P2B3 Pin=R30-2
Added Pin To Net: NetName=P2B3 Pin=S1-2
Added Pin To Net: NetName=P2B3 Pin=U1-22
Added Net: Name=P2B3
Added Pin To Net: NetName=P3B0 Pin=R19-2
Added Pin To Net: NetName=P3B0 Pin=U1-9
Added Net: Name=P3B0
Added Pin To Net: NetName=P3B1 Pin=R25-2
Added Pin To Net: NetName=P3B1 Pin=U1-10
Added Net: Name=P3B1
Added Pin To Net: NetName=P3B2 Pin=R31-2
Added Pin To Net: NetName=P3B2 Pin=U1-11
Added Net: Name=P3B2
Added Pin To Net: NetName=P3B3 Pin=R36-2
Added Pin To Net: NetName=P3B3 Pin=U1-12
Added Net: Name=P3B3
Added Pin To Net: NetName=P3B4 Pin=R20-2
Added Pin To Net: NetName=P3B4 Pin=U1-14
Added Net: Name=P3B4
Added Pin To Net: NetName=P3B5 Pin=R26-2
Added Pin To Net: NetName=P3B5 Pin=U1-15
Added Net: Name=P3B5
Added Pin To Net: NetName=P3B6 Pin=R32-2
Added Pin To Net: NetName=P3B6 Pin=U1-16
Added Net: Name=P3B6
Added Pin To Net: NetName=P3B7 Pin=R37-2
Added Pin To Net: NetName=P3B7 Pin=U1-17
Added Net: Name=P3B7
Added Pin To Net: NetName=P4B0 Pin=R21-2
Added Pin To Net: NetName=P4B0 Pin=U1-39
Added Net: Name=P4B0
Added Pin To Net: NetName=P4B1 Pin=R27-2
Added Pin To Net: NetName=P4B1 Pin=U1-38
Added Net: Name=P4B1
Added Pin To Net: NetName=P4B2 Pin=R33-2
Added Pin To Net: NetName=P4B2 Pin=U1-37
Added Net: Name=P4B2
Added Pin To Net: NetName=P4B3 Pin=R38-2
Added Pin To Net: NetName=P4B3 Pin=U1-36
Added Net: Name=P4B3
Added Pin To Net: NetName=P4B4 Pin=R22-2
Added Pin To Net: NetName=P4B4 Pin=U1-34
Added Net: Name=P4B4
Added Pin To Net: NetName=P4B5 Pin=R28-2
Added Pin To Net: NetName=P4B5 Pin=U1-33
Added Net: Name=P4B5
Added Pin To Net: NetName=P4B6 Pin=R34-2
Added Pin To Net: NetName=P4B6 Pin=U1-32
Added Net: Name=P4B6
Added Pin To Net: NetName=P4B7 Pin=R39-2
Added Pin To Net: NetName=P4B7 Pin=U1-31
Added Net: Name=P4B7
Added Pin To Net: NetName=P5B0 Pin=C12-2
Added Pin To Net: NetName=P5B0 Pin=J6-5
Added Pin To Net: NetName=P5B0 Pin=R12-1
Added Pin To Net: NetName=P5B0 Pin=U1-30
Added Net: Name=P5B0
Added Pin To Net: NetName=P5B1 Pin=C18-2
Added Pin To Net: NetName=P5B1 Pin=J6-6
Added Pin To Net: NetName=P5B1 Pin=R18-1
Added Pin To Net: NetName=P5B1 Pin=U1-29
Added Net: Name=P5B1
Added Pin To Net: NetName=P5B2 Pin=R23-2
Added Pin To Net: NetName=P5B2 Pin=U1-18
Added Net: Name=P5B2
Added Pin To Net: NetName=P5B3 Pin=R29-2
Added Pin To Net: NetName=P5B3 Pin=U1-19
Added Net: Name=P5B3
Added Pin To Net: NetName=RST Pin=COM1-2
Added Pin To Net: NetName=RST Pin=COM2-2
Added Pin To Net: NetName=RST Pin=P1-8
Added Pin To Net: NetName=RST Pin=P2-8
Added Pin To Net: NetName=RST Pin=U1-35
Added Net: Name=RST
Added Pin To Net: NetName=SCL Pin=COM1-7
Added Pin To Net: NetName=SCL Pin=COM2-7
Added Pin To Net: NetName=SCL Pin=P1-2
Added Pin To Net: NetName=SCL Pin=P2-2
Added Pin To Net: NetName=SCL Pin=R43-1
Added Pin To Net: NetName=SCL Pin=U1-20
Added Net: Name=SCL
Added Class: Name=NguyenLi
Added Room: Name=NguyenLi
